27/08/2018 01:57:03 - SaltNet - INFO - Local Train_Model Function
27/08/2018 01:57:03 - SaltNet - INFO - Start Training...
27/08/2018 01:57:03 - SaltNet - INFO - Passed parameters: ['log', 'push_every', 'print_every', 'num_epochs', 'other_data', 'model_save_name', 'scheduler', 'optimizer', 'criterion', 'dataloaders', 'model']
27/08/2018 01:57:03 - SaltNet - INFO - Epoch 0/49
27/08/2018 01:57:03 - SaltNet - INFO - --------------------
27/08/2018 01:57:06 - SaltNet - INFO - Batch Loss is 1.4664, Running loss is 1.4664, Batch IOU is 0.2562 at iter 2, epoch 0, Time: 0m 2s
27/08/2018 01:57:09 - SaltNet - INFO - Batch Loss is -1.6673, Running loss is -0.1004, Batch IOU is 0.7281 at iter 4, epoch 0, Time: 0m 5s
27/08/2018 01:57:12 - SaltNet - INFO - Batch Loss is -5.5020, Running loss is -1.9009, Batch IOU is 0.8969 at iter 6, epoch 0, Time: 0m 8s
27/08/2018 01:57:15 - SaltNet - INFO - Batch Loss is -5.7624, Running loss is -2.8663, Batch IOU is 0.9062 at iter 8, epoch 0, Time: 0m 11s
27/08/2018 01:57:18 - SaltNet - INFO - Batch Loss is -12.1123, Running loss is -4.7155, Batch IOU is 1.0000 at iter 10, epoch 0, Time: 0m 14s
27/08/2018 01:57:21 - SaltNet - INFO - Batch Loss is -12.6828, Running loss is -6.0434, Batch IOU is 1.0000 at iter 12, epoch 0, Time: 0m 17s
27/08/2018 01:57:24 - SaltNet - INFO - Batch Loss is -13.3946, Running loss is -7.0936, Batch IOU is 1.0000 at iter 14, epoch 0, Time: 0m 20s
27/08/2018 01:57:27 - SaltNet - INFO - Batch Loss is -18.5646, Running loss is -8.5275, Batch IOU is 1.0000 at iter 16, epoch 0, Time: 0m 23s
27/08/2018 01:57:30 - SaltNet - INFO - Batch Loss is -12.6912, Running loss is -8.9901, Batch IOU is 1.0000 at iter 18, epoch 0, Time: 0m 26s
27/08/2018 01:57:33 - SaltNet - INFO - Batch Loss is -13.8714, Running loss is -9.4782, Batch IOU is 1.0000 at iter 20, epoch 0, Time: 0m 29s
27/08/2018 01:57:36 - SaltNet - INFO - Batch Loss is -11.0171, Running loss is -9.6181, Batch IOU is 1.0000 at iter 22, epoch 0, Time: 0m 33s
27/08/2018 01:57:47 - SaltNet - INFO - Local Train_Model Function
27/08/2018 01:57:47 - SaltNet - INFO - Start Training...
27/08/2018 01:57:47 - SaltNet - INFO - Passed parameters: ['log', 'push_every', 'print_every', 'num_epochs', 'other_data', 'model_save_name', 'scheduler', 'optimizer', 'criterion', 'dataloaders', 'model']
27/08/2018 01:57:47 - SaltNet - INFO - Epoch 0/49
27/08/2018 01:57:47 - SaltNet - INFO - --------------------
27/08/2018 01:57:47 - SaltNet - INFO - Batch Loss is 3.7685, Running loss is 3.7685, Batch IOU is 0.2500 at iter 2, epoch 0, Time: 0m 0s
27/08/2018 01:57:48 - SaltNet - INFO - train Mean IOU is 0.1250 at epoch 0
27/08/2018 01:57:48 - SaltNet - INFO - val Mean IOU is 0.0000 at epoch 0
27/08/2018 01:57:48 - SaltNet - INFO - Epoch 1/49
27/08/2018 01:57:48 - SaltNet - INFO - --------------------
27/08/2018 01:57:48 - SaltNet - INFO - Batch Loss is -0.5918, Running loss is 1.3878, Batch IOU is 0.5500 at iter 4, epoch 1, Time: 0m 1s
27/08/2018 01:57:48 - SaltNet - INFO - train Mean IOU is 0.4500 at epoch 1
27/08/2018 01:57:49 - SaltNet - INFO - val Mean IOU is 0.0000 at epoch 1
27/08/2018 01:57:49 - SaltNet - INFO - Epoch 2/49
27/08/2018 01:57:49 - SaltNet - INFO - --------------------
27/08/2018 01:57:49 - SaltNet - INFO - Batch Loss is 4.7045, Running loss is 2.3787, Batch IOU is 0.2000 at iter 6, epoch 2, Time: 0m 2s
27/08/2018 01:57:49 - SaltNet - INFO - train Mean IOU is 0.2500 at epoch 2
27/08/2018 01:57:49 - SaltNet - INFO - val Mean IOU is 0.0000 at epoch 2
27/08/2018 01:57:49 - SaltNet - INFO - Epoch 3/49
27/08/2018 01:57:49 - SaltNet - INFO - --------------------
27/08/2018 01:57:50 - SaltNet - INFO - Batch Loss is -2.4783, Running loss is 1.6115, Batch IOU is 0.3000 at iter 8, epoch 3, Time: 0m 2s
27/08/2018 01:57:50 - SaltNet - INFO - train Mean IOU is 0.3750 at epoch 3
27/08/2018 01:57:50 - SaltNet - INFO - val Mean IOU is 1.0000 at epoch 3
27/08/2018 01:57:50 - SaltNet - INFO - Model state is not saved as the out_file_prefix is None
27/08/2018 01:57:50 - SaltNet - INFO - Best Val Mean IOU so far: 1.0
27/08/2018 01:57:51 - SaltNet - INFO - Epoch 4/49
27/08/2018 01:57:51 - SaltNet - INFO - --------------------
27/08/2018 01:57:51 - SaltNet - INFO - Batch Loss is -4.1801, Running loss is 0.2138, Batch IOU is 0.5000 at iter 10, epoch 4, Time: 0m 4s
27/08/2018 01:57:51 - SaltNet - INFO - train Mean IOU is 0.4500 at epoch 4
27/08/2018 01:57:52 - SaltNet - INFO - val Mean IOU is 1.0000 at epoch 4
27/08/2018 01:57:52 - SaltNet - INFO - Epoch 5/49
27/08/2018 01:57:52 - SaltNet - INFO - --------------------
27/08/2018 01:57:52 - SaltNet - INFO - Batch Loss is -1.3439, Running loss is -0.4509, Batch IOU is 0.4500 at iter 12, epoch 5, Time: 0m 5s
27/08/2018 01:57:52 - SaltNet - INFO - train Mean IOU is 0.4000 at epoch 5
27/08/2018 01:57:52 - SaltNet - INFO - val Mean IOU is 1.0000 at epoch 5
27/08/2018 01:57:52 - SaltNet - INFO - Epoch 6/49
27/08/2018 01:57:52 - SaltNet - INFO - --------------------
27/08/2018 01:57:53 - SaltNet - INFO - Batch Loss is -5.4464, Running loss is -1.2267, Batch IOU is 0.9000 at iter 14, epoch 6, Time: 0m 5s
27/08/2018 01:57:53 - SaltNet - INFO - train Mean IOU is 0.7750 at epoch 6
27/08/2018 01:57:53 - SaltNet - INFO - val Mean IOU is 0.0000 at epoch 6
27/08/2018 01:57:53 - SaltNet - INFO - Epoch 7/49
27/08/2018 01:57:53 - SaltNet - INFO - --------------------
27/08/2018 01:57:53 - SaltNet - INFO - Batch Loss is -6.3423, Running loss is -1.1014, Batch IOU is 0.9500 at iter 16, epoch 7, Time: 0m 6s
27/08/2018 01:57:54 - SaltNet - INFO - train Mean IOU is 0.9000 at epoch 7
27/08/2018 01:57:54 - SaltNet - INFO - val Mean IOU is 0.0000 at epoch 7
27/08/2018 01:57:54 - SaltNet - INFO - Epoch 8/49
27/08/2018 01:57:54 - SaltNet - INFO - --------------------
27/08/2018 01:57:54 - SaltNet - INFO - Batch Loss is -6.8810, Running loss is -0.5623, Batch IOU is 0.9500 at iter 18, epoch 8, Time: 0m 7s
27/08/2018 01:57:55 - SaltNet - INFO - train Mean IOU is 0.9750 at epoch 8
27/08/2018 01:57:55 - SaltNet - INFO - val Mean IOU is 0.0000 at epoch 8
27/08/2018 01:57:55 - SaltNet - INFO - Epoch 9/49
27/08/2018 01:57:55 - SaltNet - INFO - --------------------
27/08/2018 01:57:55 - SaltNet - INFO - Batch Loss is -7.2266, Running loss is 0.0017, Batch IOU is 0.9000 at iter 20, epoch 9, Time: 0m 8s
27/08/2018 01:57:56 - SaltNet - INFO - train Mean IOU is 0.9500 at epoch 9
27/08/2018 01:57:56 - SaltNet - INFO - val Mean IOU is 0.0000 at epoch 9
27/08/2018 01:57:56 - SaltNet - INFO - Epoch 10/49
27/08/2018 01:57:56 - SaltNet - INFO - --------------------
27/08/2018 01:57:56 - SaltNet - INFO - Batch Loss is -7.3798, Running loss is 0.5432, Batch IOU is 1.0000 at iter 22, epoch 10, Time: 0m 9s
27/08/2018 01:57:57 - SaltNet - INFO - train Mean IOU is 1.0000 at epoch 10
27/08/2018 01:57:57 - SaltNet - INFO - val Mean IOU is 0.0000 at epoch 10
27/08/2018 01:57:57 - SaltNet - INFO - Epoch 11/49
27/08/2018 01:57:57 - SaltNet - INFO - --------------------
27/08/2018 01:57:57 - SaltNet - INFO - Batch Loss is -6.7668, Running loss is 1.0827, Batch IOU is 1.0000 at iter 24, epoch 11, Time: 0m 10s
27/08/2018 01:57:57 - SaltNet - INFO - train Mean IOU is 1.0000 at epoch 11
27/08/2018 01:57:57 - SaltNet - INFO - val Mean IOU is 0.0000 at epoch 11
27/08/2018 01:57:57 - SaltNet - INFO - Epoch 12/49
27/08/2018 01:57:57 - SaltNet - INFO - --------------------
27/08/2018 01:57:58 - SaltNet - INFO - Batch Loss is -7.5240, Running loss is 1.5840, Batch IOU is 1.0000 at iter 26, epoch 12, Time: 0m 10s
27/08/2018 01:57:58 - SaltNet - INFO - train Mean IOU is 1.0000 at epoch 12
27/08/2018 01:57:58 - SaltNet - INFO - val Mean IOU is 0.0000 at epoch 12
27/08/2018 01:57:58 - SaltNet - INFO - Epoch 13/49
27/08/2018 01:57:58 - SaltNet - INFO - --------------------
27/08/2018 01:57:58 - SaltNet - INFO - Batch Loss is -7.6011, Running loss is 2.0612, Batch IOU is 1.0000 at iter 28, epoch 13, Time: 0m 11s
27/08/2018 01:57:59 - SaltNet - INFO - train Mean IOU is 1.0000 at epoch 13
27/08/2018 01:57:59 - SaltNet - INFO - val Mean IOU is 0.0000 at epoch 13
27/08/2018 01:57:59 - SaltNet - INFO - Epoch 14/49
27/08/2018 01:57:59 - SaltNet - INFO - --------------------
27/08/2018 01:57:59 - SaltNet - INFO - Batch Loss is -7.4404, Running loss is 2.4623, Batch IOU is 1.0000 at iter 30, epoch 14, Time: 0m 12s
27/08/2018 01:58:00 - SaltNet - INFO - train Mean IOU is 1.0000 at epoch 14
27/08/2018 01:58:00 - SaltNet - INFO - val Mean IOU is 0.0000 at epoch 14
27/08/2018 01:58:00 - SaltNet - INFO - Epoch 15/49
27/08/2018 01:58:00 - SaltNet - INFO - --------------------
27/08/2018 01:58:00 - SaltNet - INFO - Batch Loss is -4.3986, Running loss is 2.8251, Batch IOU is 0.8000 at iter 32, epoch 15, Time: 0m 13s
27/08/2018 01:58:01 - SaltNet - INFO - train Mean IOU is 0.8000 at epoch 15
27/08/2018 01:58:01 - SaltNet - INFO - val Mean IOU is 0.0000 at epoch 15
27/08/2018 01:58:01 - SaltNet - INFO - Epoch 16/49
27/08/2018 01:58:01 - SaltNet - INFO - --------------------
27/08/2018 01:58:01 - SaltNet - INFO - Batch Loss is -7.3556, Running loss is 3.1332, Batch IOU is 0.9500 at iter 34, epoch 16, Time: 0m 14s
27/08/2018 01:58:02 - SaltNet - INFO - train Mean IOU is 0.9750 at epoch 16
27/08/2018 01:58:02 - SaltNet - INFO - val Mean IOU is 0.0000 at epoch 16
27/08/2018 01:58:02 - SaltNet - INFO - Epoch 17/49
27/08/2018 01:58:02 - SaltNet - INFO - --------------------
27/08/2018 01:58:02 - SaltNet - INFO - Batch Loss is -7.2585, Running loss is 2.8532, Batch IOU is 1.0000 at iter 36, epoch 17, Time: 0m 15s
27/08/2018 01:58:02 - SaltNet - INFO - train Mean IOU is 0.9500 at epoch 17
27/08/2018 01:58:03 - SaltNet - INFO - val Mean IOU is 1.0000 at epoch 17
27/08/2018 01:58:03 - SaltNet - INFO - Epoch 18/49
27/08/2018 01:58:03 - SaltNet - INFO - --------------------
27/08/2018 01:58:03 - SaltNet - INFO - Batch Loss is -6.6283, Running loss is 2.3700, Batch IOU is 1.0000 at iter 38, epoch 18, Time: 0m 16s
27/08/2018 01:58:03 - SaltNet - INFO - train Mean IOU is 1.0000 at epoch 18
27/08/2018 01:58:03 - SaltNet - INFO - val Mean IOU is 1.0000 at epoch 18
27/08/2018 01:58:03 - SaltNet - INFO - Epoch 19/49
27/08/2018 01:58:03 - SaltNet - INFO - --------------------
27/08/2018 01:58:04 - SaltNet - INFO - Batch Loss is -6.7305, Running loss is 1.9339, Batch IOU is 1.0000 at iter 40, epoch 19, Time: 0m 16s
27/08/2018 01:58:04 - SaltNet - INFO - train Mean IOU is 1.0000 at epoch 19
27/08/2018 01:58:04 - SaltNet - INFO - val Mean IOU is 1.0000 at epoch 19
27/08/2018 01:58:04 - SaltNet - INFO - Epoch 20/49
27/08/2018 01:58:04 - SaltNet - INFO - --------------------
27/08/2018 01:58:04 - SaltNet - INFO - Batch Loss is -7.5896, Running loss is 1.5193, Batch IOU is 1.0000 at iter 42, epoch 20, Time: 0m 17s
27/08/2018 01:58:05 - SaltNet - INFO - train Mean IOU is 1.0000 at epoch 20
27/08/2018 01:58:05 - SaltNet - INFO - val Mean IOU is 1.0000 at epoch 20
27/08/2018 01:58:05 - SaltNet - INFO - Epoch 21/49
27/08/2018 01:58:05 - SaltNet - INFO - --------------------
27/08/2018 01:58:05 - SaltNet - INFO - Batch Loss is -7.6765, Running loss is 1.1477, Batch IOU is 1.0000 at iter 44, epoch 21, Time: 0m 18s
27/08/2018 01:58:06 - SaltNet - INFO - train Mean IOU is 1.0000 at epoch 21
27/08/2018 01:58:06 - SaltNet - INFO - val Mean IOU is 1.0000 at epoch 21
27/08/2018 01:58:06 - SaltNet - INFO - Epoch 22/49
27/08/2018 01:58:06 - SaltNet - INFO - --------------------
27/08/2018 01:58:06 - SaltNet - INFO - Batch Loss is -7.6566, Running loss is 0.8727, Batch IOU is 1.0000 at iter 46, epoch 22, Time: 0m 19s
27/08/2018 01:58:07 - SaltNet - INFO - train Mean IOU is 1.0000 at epoch 22
27/08/2018 01:58:07 - SaltNet - INFO - val Mean IOU is 1.0000 at epoch 22
27/08/2018 01:58:07 - SaltNet - INFO - Epoch 23/49
27/08/2018 01:58:07 - SaltNet - INFO - --------------------
27/08/2018 01:58:07 - SaltNet - INFO - Batch Loss is -7.7074, Running loss is 0.5564, Batch IOU is 1.0000 at iter 48, epoch 23, Time: 0m 20s
27/08/2018 01:58:07 - SaltNet - INFO - train Mean IOU is 1.0000 at epoch 23
27/08/2018 01:58:08 - SaltNet - INFO - val Mean IOU is 1.0000 at epoch 23
27/08/2018 01:58:08 - SaltNet - INFO - Epoch 24/49
27/08/2018 01:58:08 - SaltNet - INFO - --------------------
27/08/2018 01:58:08 - SaltNet - INFO - Batch Loss is -7.6856, Running loss is 0.2638, Batch IOU is 1.0000 at iter 50, epoch 24, Time: 0m 21s
27/08/2018 01:58:08 - SaltNet - INFO - train Mean IOU is 1.0000 at epoch 24
27/08/2018 01:58:08 - SaltNet - INFO - val Mean IOU is 1.0000 at epoch 24
27/08/2018 01:58:08 - SaltNet - INFO - Epoch 25/49
27/08/2018 01:58:08 - SaltNet - INFO - --------------------
27/08/2018 01:58:09 - SaltNet - INFO - Batch Loss is -7.6756, Running loss is -0.0057, Batch IOU is 1.0000 at iter 52, epoch 25, Time: 0m 21s
27/08/2018 01:58:09 - SaltNet - INFO - train Mean IOU is 1.0000 at epoch 25
27/08/2018 01:58:09 - SaltNet - INFO - val Mean IOU is 1.0000 at epoch 25
27/08/2018 01:58:09 - SaltNet - INFO - Epoch 26/49
27/08/2018 01:58:09 - SaltNet - INFO - --------------------
27/08/2018 01:58:09 - SaltNet - INFO - Batch Loss is -7.7289, Running loss is -0.2558, Batch IOU is 1.0000 at iter 54, epoch 26, Time: 0m 22s
27/08/2018 01:58:10 - SaltNet - INFO - train Mean IOU is 1.0000 at epoch 26
27/08/2018 01:58:10 - SaltNet - INFO - val Mean IOU is 1.0000 at epoch 26
27/08/2018 01:58:10 - SaltNet - INFO - Epoch 27/49
27/08/2018 01:58:10 - SaltNet - INFO - --------------------
27/08/2018 01:58:10 - SaltNet - INFO - Batch Loss is -7.7494, Running loss is -0.4879, Batch IOU is 1.0000 at iter 56, epoch 27, Time: 0m 23s
27/08/2018 01:58:11 - SaltNet - INFO - train Mean IOU is 1.0000 at epoch 27
27/08/2018 01:58:11 - SaltNet - INFO - val Mean IOU is 1.0000 at epoch 27
27/08/2018 01:58:11 - SaltNet - INFO - Epoch 28/49
27/08/2018 01:58:11 - SaltNet - INFO - --------------------
27/08/2018 01:58:11 - SaltNet - INFO - Batch Loss is -7.6753, Running loss is -0.7019, Batch IOU is 1.0000 at iter 58, epoch 28, Time: 0m 24s
27/08/2018 01:58:12 - SaltNet - INFO - train Mean IOU is 1.0000 at epoch 28
27/08/2018 01:58:12 - SaltNet - INFO - val Mean IOU is 1.0000 at epoch 28
27/08/2018 01:58:12 - SaltNet - INFO - Epoch 29/49
27/08/2018 01:58:12 - SaltNet - INFO - --------------------
27/08/2018 01:58:12 - SaltNet - INFO - Batch Loss is -7.6917, Running loss is -0.9010, Batch IOU is 1.0000 at iter 60, epoch 29, Time: 0m 25s
27/08/2018 01:58:13 - SaltNet - INFO - train Mean IOU is 1.0000 at epoch 29
27/08/2018 01:58:13 - SaltNet - INFO - val Mean IOU is 1.0000 at epoch 29
27/08/2018 01:58:13 - SaltNet - INFO - Epoch 30/49
27/08/2018 01:58:13 - SaltNet - INFO - --------------------
27/08/2018 01:58:13 - SaltNet - INFO - Batch Loss is -7.7205, Running loss is -1.0869, Batch IOU is 1.0000 at iter 62, epoch 30, Time: 0m 26s
27/08/2018 01:58:13 - SaltNet - INFO - train Mean IOU is 1.0000 at epoch 30
27/08/2018 01:58:13 - SaltNet - INFO - val Mean IOU is 1.0000 at epoch 30
27/08/2018 01:58:13 - SaltNet - INFO - Epoch 31/49
27/08/2018 01:58:13 - SaltNet - INFO - --------------------
27/08/2018 01:58:14 - SaltNet - INFO - Batch Loss is -7.7487, Running loss is -1.2614, Batch IOU is 1.0000 at iter 64, epoch 31, Time: 0m 26s
27/08/2018 01:58:14 - SaltNet - INFO - train Mean IOU is 1.0000 at epoch 31
27/08/2018 01:58:14 - SaltNet - INFO - val Mean IOU is 1.0000 at epoch 31
27/08/2018 01:58:14 - SaltNet - INFO - Epoch 32/49
27/08/2018 01:58:14 - SaltNet - INFO - --------------------
27/08/2018 01:58:14 - SaltNet - INFO - Batch Loss is -7.7588, Running loss is -1.4254, Batch IOU is 1.0000 at iter 66, epoch 32, Time: 0m 27s
27/08/2018 01:58:15 - SaltNet - INFO - train Mean IOU is 1.0000 at epoch 32
27/08/2018 01:58:15 - SaltNet - INFO - val Mean IOU is 1.0000 at epoch 32
27/08/2018 01:58:15 - SaltNet - INFO - Epoch 33/49
27/08/2018 01:58:15 - SaltNet - INFO - --------------------
27/08/2018 01:58:15 - SaltNet - INFO - Batch Loss is -7.7719, Running loss is -1.5800, Batch IOU is 1.0000 at iter 68, epoch 33, Time: 0m 28s
27/08/2018 01:58:16 - SaltNet - INFO - train Mean IOU is 1.0000 at epoch 33
27/08/2018 01:58:16 - SaltNet - INFO - val Mean IOU is 1.0000 at epoch 33
27/08/2018 01:58:16 - SaltNet - INFO - Epoch 34/49
27/08/2018 01:58:16 - SaltNet - INFO - --------------------
27/08/2018 01:58:16 - SaltNet - INFO - Batch Loss is -7.7830, Running loss is -1.7258, Batch IOU is 1.0000 at iter 70, epoch 34, Time: 0m 29s
27/08/2018 01:58:17 - SaltNet - INFO - train Mean IOU is 1.0000 at epoch 34
27/08/2018 01:58:17 - SaltNet - INFO - val Mean IOU is 1.0000 at epoch 34
27/08/2018 01:58:17 - SaltNet - INFO - Epoch 35/49
27/08/2018 01:58:17 - SaltNet - INFO - --------------------
27/08/2018 01:58:17 - SaltNet - INFO - Batch Loss is -7.7717, Running loss is -1.8633, Batch IOU is 1.0000 at iter 72, epoch 35, Time: 0m 30s
27/08/2018 01:58:18 - SaltNet - INFO - train Mean IOU is 1.0000 at epoch 35
27/08/2018 01:58:18 - SaltNet - INFO - val Mean IOU is 1.0000 at epoch 35
27/08/2018 01:58:18 - SaltNet - INFO - Epoch 36/49
27/08/2018 01:58:18 - SaltNet - INFO - --------------------
27/08/2018 01:58:18 - SaltNet - INFO - Batch Loss is -7.7749, Running loss is -1.9933, Batch IOU is 1.0000 at iter 74, epoch 36, Time: 0m 31s
27/08/2018 01:58:18 - SaltNet - INFO - train Mean IOU is 1.0000 at epoch 36
27/08/2018 01:58:18 - SaltNet - INFO - val Mean IOU is 1.0000 at epoch 36
27/08/2018 01:58:18 - SaltNet - INFO - Epoch 37/49
27/08/2018 01:58:18 - SaltNet - INFO - --------------------
27/08/2018 01:58:19 - SaltNet - INFO - Batch Loss is -7.7773, Running loss is -2.1163, Batch IOU is 1.0000 at iter 76, epoch 37, Time: 0m 31s
27/08/2018 01:58:19 - SaltNet - INFO - train Mean IOU is 1.0000 at epoch 37
27/08/2018 01:58:19 - SaltNet - INFO - val Mean IOU is 1.0000 at epoch 37
27/08/2018 01:58:19 - SaltNet - INFO - Epoch 38/49
27/08/2018 01:58:19 - SaltNet - INFO - --------------------
27/08/2018 01:58:19 - SaltNet - INFO - Batch Loss is -7.7850, Running loss is -2.2332, Batch IOU is 1.0000 at iter 78, epoch 38, Time: 0m 32s
27/08/2018 01:58:20 - SaltNet - INFO - train Mean IOU is 1.0000 at epoch 38
27/08/2018 01:58:20 - SaltNet - INFO - val Mean IOU is 1.0000 at epoch 38
27/08/2018 01:58:20 - SaltNet - INFO - Epoch 39/49
27/08/2018 01:58:20 - SaltNet - INFO - --------------------
27/08/2018 01:58:20 - SaltNet - INFO - Batch Loss is -7.7855, Running loss is -2.3441, Batch IOU is 1.0000 at iter 80, epoch 39, Time: 0m 33s
27/08/2018 01:58:21 - SaltNet - INFO - train Mean IOU is 1.0000 at epoch 39
27/08/2018 01:58:21 - SaltNet - INFO - val Mean IOU is 1.0000 at epoch 39
27/08/2018 01:58:21 - SaltNet - INFO - Epoch 40/49
27/08/2018 01:58:21 - SaltNet - INFO - --------------------
27/08/2018 01:58:21 - SaltNet - INFO - Batch Loss is -7.7833, Running loss is -2.4494, Batch IOU is 1.0000 at iter 82, epoch 40, Time: 0m 34s
27/08/2018 01:58:22 - SaltNet - INFO - train Mean IOU is 1.0000 at epoch 40
27/08/2018 01:58:22 - SaltNet - INFO - val Mean IOU is 1.0000 at epoch 40
27/08/2018 01:58:22 - SaltNet - INFO - Epoch 41/49
27/08/2018 01:58:22 - SaltNet - INFO - --------------------
27/08/2018 01:58:22 - SaltNet - INFO - Batch Loss is -7.7856, Running loss is -2.5498, Batch IOU is 1.0000 at iter 84, epoch 41, Time: 0m 35s
27/08/2018 01:58:23 - SaltNet - INFO - train Mean IOU is 1.0000 at epoch 41
27/08/2018 01:58:23 - SaltNet - INFO - val Mean IOU is 1.0000 at epoch 41
27/08/2018 01:58:23 - SaltNet - INFO - Epoch 42/49
27/08/2018 01:58:23 - SaltNet - INFO - --------------------
27/08/2018 01:58:23 - SaltNet - INFO - Batch Loss is -7.7862, Running loss is -2.6454, Batch IOU is 1.0000 at iter 86, epoch 42, Time: 0m 36s
27/08/2018 01:58:23 - SaltNet - INFO - train Mean IOU is 1.0000 at epoch 42
27/08/2018 01:58:23 - SaltNet - INFO - val Mean IOU is 1.0000 at epoch 42
27/08/2018 01:58:23 - SaltNet - INFO - Epoch 43/49
27/08/2018 01:58:23 - SaltNet - INFO - --------------------
27/08/2018 01:58:24 - SaltNet - INFO - Batch Loss is -7.7862, Running loss is -2.7366, Batch IOU is 1.0000 at iter 88, epoch 43, Time: 0m 36s
27/08/2018 01:58:24 - SaltNet - INFO - train Mean IOU is 1.0000 at epoch 43
27/08/2018 01:58:24 - SaltNet - INFO - val Mean IOU is 1.0000 at epoch 43
27/08/2018 01:58:24 - SaltNet - INFO - Epoch 44/49
27/08/2018 01:58:24 - SaltNet - INFO - --------------------
27/08/2018 01:58:24 - SaltNet - INFO - Batch Loss is -7.7862, Running loss is -2.8237, Batch IOU is 1.0000 at iter 90, epoch 44, Time: 0m 37s
27/08/2018 01:58:25 - SaltNet - INFO - train Mean IOU is 1.0000 at epoch 44
27/08/2018 01:58:25 - SaltNet - INFO - val Mean IOU is 1.0000 at epoch 44
27/08/2018 01:58:25 - SaltNet - INFO - Epoch 45/49
27/08/2018 01:58:25 - SaltNet - INFO - --------------------
27/08/2018 01:58:25 - SaltNet - INFO - Batch Loss is -7.7862, Running loss is -2.9070, Batch IOU is 1.0000 at iter 92, epoch 45, Time: 0m 38s
27/08/2018 01:58:26 - SaltNet - INFO - train Mean IOU is 1.0000 at epoch 45
27/08/2018 01:58:26 - SaltNet - INFO - val Mean IOU is 1.0000 at epoch 45
27/08/2018 01:58:26 - SaltNet - INFO - Epoch 46/49
27/08/2018 01:58:26 - SaltNet - INFO - --------------------
27/08/2018 01:58:26 - SaltNet - INFO - Batch Loss is -7.7850, Running loss is -2.9866, Batch IOU is 1.0000 at iter 94, epoch 46, Time: 0m 39s
27/08/2018 01:58:27 - SaltNet - INFO - train Mean IOU is 1.0000 at epoch 46
27/08/2018 01:58:27 - SaltNet - INFO - val Mean IOU is 1.0000 at epoch 46
27/08/2018 01:58:27 - SaltNet - INFO - Epoch 47/49
27/08/2018 01:58:27 - SaltNet - INFO - --------------------
27/08/2018 01:58:27 - SaltNet - INFO - Batch Loss is -7.7851, Running loss is -3.0629, Batch IOU is 1.0000 at iter 96, epoch 47, Time: 0m 40s
27/08/2018 01:58:28 - SaltNet - INFO - train Mean IOU is 1.0000 at epoch 47
27/08/2018 01:58:28 - SaltNet - INFO - val Mean IOU is 1.0000 at epoch 47
27/08/2018 01:58:28 - SaltNet - INFO - Epoch 48/49
27/08/2018 01:58:28 - SaltNet - INFO - --------------------
27/08/2018 01:58:28 - SaltNet - INFO - Batch Loss is -7.7862, Running loss is -3.1360, Batch IOU is 1.0000 at iter 98, epoch 48, Time: 0m 41s
27/08/2018 01:58:28 - SaltNet - INFO - train Mean IOU is 1.0000 at epoch 48
27/08/2018 01:58:28 - SaltNet - INFO - val Mean IOU is 1.0000 at epoch 48
27/08/2018 01:58:28 - SaltNet - INFO - Epoch 49/49
27/08/2018 01:58:28 - SaltNet - INFO - --------------------
27/08/2018 01:58:29 - SaltNet - INFO - Batch Loss is -7.7868, Running loss is -3.2062, Batch IOU is 1.0000 at iter 100, epoch 49, Time: 0m 41s
27/08/2018 01:58:29 - SaltNet - INFO - train Mean IOU is 1.0000 at epoch 49
27/08/2018 01:58:29 - SaltNet - INFO - val Mean IOU is 1.0000 at epoch 49
27/08/2018 01:58:29 - SaltNet - INFO - --------------------
27/08/2018 01:58:29 - SaltNet - INFO - Training complete in 0m 43s
27/08/2018 01:58:29 - SaltNet - INFO - Best val IOU: 1.000000
27/08/2018 01:59:26 - SaltNet - INFO - Local Train_Model Function
27/08/2018 01:59:26 - SaltNet - INFO - Start Training...
27/08/2018 01:59:26 - SaltNet - INFO - Passed parameters: ['log', 'push_every', 'print_every', 'num_epochs', 'other_data', 'model_save_name', 'scheduler', 'optimizer', 'criterion', 'dataloaders', 'model']
27/08/2018 01:59:26 - SaltNet - INFO - Epoch 0/49
27/08/2018 01:59:26 - SaltNet - INFO - --------------------
27/08/2018 01:59:26 - SaltNet - INFO - Batch Loss is 4.3098, Running loss is 4.3098, Batch IOU is 0.0000 at iter 2, epoch 0, Time: 0m 0s
27/08/2018 01:59:27 - SaltNet - INFO - train Mean IOU is 0.0000 at epoch 0
27/08/2018 01:59:27 - SaltNet - INFO - val Mean IOU is 0.0000 at epoch 0
27/08/2018 01:59:27 - SaltNet - INFO - Epoch 1/49
27/08/2018 01:59:27 - SaltNet - INFO - --------------------
27/08/2018 01:59:27 - SaltNet - INFO - Batch Loss is 2.2563, Running loss is 2.6064, Batch IOU is 0.0000 at iter 4, epoch 1, Time: 0m 1s
27/08/2018 01:59:28 - SaltNet - INFO - train Mean IOU is 0.0000 at epoch 1
27/08/2018 01:59:28 - SaltNet - INFO - val Mean IOU is 0.0000 at epoch 1
27/08/2018 01:59:28 - SaltNet - INFO - Epoch 2/49
27/08/2018 01:59:28 - SaltNet - INFO - --------------------
27/08/2018 01:59:28 - SaltNet - INFO - Batch Loss is 1.5736, Running loss is 2.3767, Batch IOU is 0.0000 at iter 6, epoch 2, Time: 0m 2s
27/08/2018 01:59:28 - SaltNet - INFO - train Mean IOU is 0.0000 at epoch 2
27/08/2018 01:59:28 - SaltNet - INFO - val Mean IOU is 0.0000 at epoch 2
27/08/2018 01:59:28 - SaltNet - INFO - Epoch 3/49
27/08/2018 01:59:28 - SaltNet - INFO - --------------------
27/08/2018 01:59:29 - SaltNet - INFO - Batch Loss is 0.7792, Running loss is 2.1588, Batch IOU is 0.1000 at iter 8, epoch 3, Time: 0m 2s
27/08/2018 01:59:29 - SaltNet - INFO - train Mean IOU is 0.0500 at epoch 3
27/08/2018 01:59:29 - SaltNet - INFO - val Mean IOU is 0.0000 at epoch 3
27/08/2018 01:59:29 - SaltNet - INFO - Epoch 4/49
27/08/2018 01:59:29 - SaltNet - INFO - --------------------
27/08/2018 01:59:30 - SaltNet - INFO - Batch Loss is 1.1774, Running loss is 2.1439, Batch IOU is 0.0000 at iter 10, epoch 4, Time: 0m 3s
27/08/2018 01:59:30 - SaltNet - INFO - train Mean IOU is 0.0000 at epoch 4
27/08/2018 01:59:30 - SaltNet - INFO - val Mean IOU is 0.0000 at epoch 4
27/08/2018 01:59:30 - SaltNet - INFO - Epoch 5/49
27/08/2018 01:59:30 - SaltNet - INFO - --------------------
27/08/2018 01:59:30 - SaltNet - INFO - Batch Loss is 1.0674, Running loss is 2.6623, Batch IOU is 0.0000 at iter 12, epoch 5, Time: 0m 4s
27/08/2018 01:59:31 - SaltNet - INFO - train Mean IOU is 0.1000 at epoch 5
27/08/2018 01:59:31 - SaltNet - INFO - val Mean IOU is 0.0000 at epoch 5
27/08/2018 01:59:31 - SaltNet - INFO - Epoch 6/49
27/08/2018 01:59:31 - SaltNet - INFO - --------------------
27/08/2018 01:59:31 - SaltNet - INFO - Batch Loss is 0.4111, Running loss is 3.0082, Batch IOU is 0.0000 at iter 14, epoch 6, Time: 0m 5s
27/08/2018 01:59:32 - SaltNet - INFO - train Mean IOU is 0.1500 at epoch 6
27/08/2018 01:59:32 - SaltNet - INFO - val Mean IOU is 0.0000 at epoch 6
27/08/2018 01:59:32 - SaltNet - INFO - Epoch 7/49
27/08/2018 01:59:32 - SaltNet - INFO - --------------------
27/08/2018 01:59:32 - SaltNet - INFO - Batch Loss is 0.5989, Running loss is 2.9018, Batch IOU is 0.1000 at iter 16, epoch 7, Time: 0m 6s
27/08/2018 01:59:33 - SaltNet - INFO - train Mean IOU is 0.0500 at epoch 7
27/08/2018 01:59:33 - SaltNet - INFO - val Mean IOU is 0.0000 at epoch 7
27/08/2018 01:59:33 - SaltNet - INFO - Epoch 8/49
27/08/2018 01:59:33 - SaltNet - INFO - --------------------
27/08/2018 01:59:33 - SaltNet - INFO - Batch Loss is 0.4136, Running loss is 2.9490, Batch IOU is 0.2500 at iter 18, epoch 8, Time: 0m 7s
27/08/2018 01:59:34 - SaltNet - INFO - train Mean IOU is 0.1250 at epoch 8
27/08/2018 01:59:34 - SaltNet - INFO - val Mean IOU is 0.0000 at epoch 8
27/08/2018 01:59:34 - SaltNet - INFO - Epoch 9/49
27/08/2018 01:59:34 - SaltNet - INFO - --------------------
27/08/2018 01:59:34 - SaltNet - INFO - Batch Loss is 0.3132, Running loss is 3.0441, Batch IOU is 0.0000 at iter 20, epoch 9, Time: 0m 7s
27/08/2018 01:59:34 - SaltNet - INFO - train Mean IOU is 0.2000 at epoch 9
27/08/2018 01:59:34 - SaltNet - INFO - val Mean IOU is 0.0000 at epoch 9
27/08/2018 01:59:34 - SaltNet - INFO - Epoch 10/49
27/08/2018 01:59:34 - SaltNet - INFO - --------------------
27/08/2018 01:59:35 - SaltNet - INFO - Batch Loss is 0.3151, Running loss is 3.0349, Batch IOU is 0.3000 at iter 22, epoch 10, Time: 0m 8s
27/08/2018 01:59:35 - SaltNet - INFO - train Mean IOU is 0.1500 at epoch 10
27/08/2018 01:59:35 - SaltNet - INFO - val Mean IOU is 0.0000 at epoch 10
27/08/2018 01:59:35 - SaltNet - INFO - Epoch 11/49
27/08/2018 01:59:35 - SaltNet - INFO - --------------------
27/08/2018 01:59:35 - SaltNet - INFO - Batch Loss is 0.3181, Running loss is 3.0344, Batch IOU is 0.0000 at iter 24, epoch 11, Time: 0m 9s
27/08/2018 01:59:36 - SaltNet - INFO - train Mean IOU is 0.1750 at epoch 11
27/08/2018 01:59:36 - SaltNet - INFO - val Mean IOU is 0.5000 at epoch 11
27/08/2018 01:59:36 - SaltNet - INFO - Model state is not saved as the out_file_prefix is None
27/08/2018 01:59:36 - SaltNet - INFO - Best Val Mean IOU so far: 0.5
27/08/2018 01:59:37 - SaltNet - INFO - Epoch 12/49
27/08/2018 01:59:37 - SaltNet - INFO - --------------------
27/08/2018 01:59:37 - SaltNet - INFO - Batch Loss is 0.1708, Running loss is 3.1446, Batch IOU is 0.4500 at iter 26, epoch 12, Time: 0m 10s
27/08/2018 01:59:37 - SaltNet - INFO - train Mean IOU is 0.2250 at epoch 12
27/08/2018 01:59:38 - SaltNet - INFO - val Mean IOU is 0.7500 at epoch 12
27/08/2018 01:59:38 - SaltNet - INFO - Model state is not saved as the out_file_prefix is None
27/08/2018 01:59:38 - SaltNet - INFO - Best Val Mean IOU so far: 0.75
27/08/2018 01:59:38 - SaltNet - INFO - Epoch 13/49
27/08/2018 01:59:38 - SaltNet - INFO - --------------------
27/08/2018 01:59:38 - SaltNet - INFO - Batch Loss is 0.1405, Running loss is 3.3218, Batch IOU is 0.5500 at iter 28, epoch 13, Time: 0m 12s
27/08/2018 01:59:39 - SaltNet - INFO - train Mean IOU is 0.2750 at epoch 13
27/08/2018 01:59:39 - SaltNet - INFO - val Mean IOU is 0.5000 at epoch 13
27/08/2018 01:59:39 - SaltNet - INFO - Epoch 14/49
27/08/2018 01:59:39 - SaltNet - INFO - --------------------
27/08/2018 01:59:39 - SaltNet - INFO - Batch Loss is 0.2727, Running loss is 3.5195, Batch IOU is 0.8000 at iter 30, epoch 14, Time: 0m 13s
27/08/2018 01:59:40 - SaltNet - INFO - train Mean IOU is 0.4000 at epoch 14
27/08/2018 01:59:40 - SaltNet - INFO - val Mean IOU is 0.5000 at epoch 14
27/08/2018 01:59:40 - SaltNet - INFO - Epoch 15/49
27/08/2018 01:59:40 - SaltNet - INFO - --------------------
27/08/2018 01:59:40 - SaltNet - INFO - Batch Loss is 0.1413, Running loss is 3.4790, Batch IOU is 0.4500 at iter 32, epoch 15, Time: 0m 13s
27/08/2018 01:59:40 - SaltNet - INFO - train Mean IOU is 0.5250 at epoch 15
27/08/2018 01:59:41 - SaltNet - INFO - val Mean IOU is 0.0000 at epoch 15
27/08/2018 01:59:41 - SaltNet - INFO - Epoch 16/49
27/08/2018 01:59:41 - SaltNet - INFO - --------------------
27/08/2018 01:59:41 - SaltNet - INFO - Batch Loss is 0.1482, Running loss is 3.9115, Batch IOU is 0.5000 at iter 34, epoch 16, Time: 0m 14s
27/08/2018 01:59:41 - SaltNet - INFO - train Mean IOU is 0.5000 at epoch 16
27/08/2018 01:59:41 - SaltNet - INFO - val Mean IOU is 0.0000 at epoch 16
27/08/2018 01:59:41 - SaltNet - INFO - Epoch 17/49
27/08/2018 01:59:41 - SaltNet - INFO - --------------------
27/08/2018 01:59:42 - SaltNet - INFO - Batch Loss is 0.1352, Running loss is 4.3837, Batch IOU is 0.5000 at iter 36, epoch 17, Time: 0m 15s
27/08/2018 01:59:42 - SaltNet - INFO - train Mean IOU is 0.5000 at epoch 17
27/08/2018 01:59:42 - SaltNet - INFO - val Mean IOU is 0.0000 at epoch 17
27/08/2018 01:59:42 - SaltNet - INFO - Epoch 18/49
27/08/2018 01:59:42 - SaltNet - INFO - --------------------
27/08/2018 01:59:42 - SaltNet - INFO - Batch Loss is 0.1013, Running loss is 4.8018, Batch IOU is 0.5000 at iter 38, epoch 18, Time: 0m 16s
27/08/2018 01:59:43 - SaltNet - INFO - train Mean IOU is 0.3000 at epoch 18
27/08/2018 01:59:43 - SaltNet - INFO - val Mean IOU is 0.0000 at epoch 18
27/08/2018 01:59:43 - SaltNet - INFO - Epoch 19/49
27/08/2018 01:59:43 - SaltNet - INFO - --------------------
27/08/2018 01:59:43 - SaltNet - INFO - Batch Loss is 0.0892, Running loss is 5.1743, Batch IOU is 0.5000 at iter 40, epoch 19, Time: 0m 17s
27/08/2018 01:59:44 - SaltNet - INFO - train Mean IOU is 0.3000 at epoch 19
27/08/2018 01:59:44 - SaltNet - INFO - val Mean IOU is 0.0000 at epoch 19
27/08/2018 01:59:44 - SaltNet - INFO - Epoch 20/49
27/08/2018 01:59:44 - SaltNet - INFO - --------------------
27/08/2018 01:59:44 - SaltNet - INFO - Batch Loss is 1.1365, Running loss is 5.5326, Batch IOU is 0.1000 at iter 42, epoch 20, Time: 0m 18s
27/08/2018 01:59:45 - SaltNet - INFO - train Mean IOU is 0.0750 at epoch 20
27/08/2018 01:59:45 - SaltNet - INFO - val Mean IOU is 0.0000 at epoch 20
27/08/2018 01:59:45 - SaltNet - INFO - Epoch 21/49
27/08/2018 01:59:45 - SaltNet - INFO - --------------------
27/08/2018 01:59:45 - SaltNet - INFO - Batch Loss is 0.7027, Running loss is 5.8464, Batch IOU is 0.0000 at iter 44, epoch 21, Time: 0m 18s
27/08/2018 01:59:46 - SaltNet - INFO - train Mean IOU is 0.3500 at epoch 21
27/08/2018 01:59:46 - SaltNet - INFO - val Mean IOU is 0.0000 at epoch 21
27/08/2018 01:59:46 - SaltNet - INFO - Epoch 22/49
27/08/2018 01:59:46 - SaltNet - INFO - --------------------
27/08/2018 01:59:46 - SaltNet - INFO - Batch Loss is 0.1181, Running loss is 6.1158, Batch IOU is 0.5000 at iter 46, epoch 22, Time: 0m 19s
27/08/2018 01:59:46 - SaltNet - INFO - train Mean IOU is 0.2750 at epoch 22
27/08/2018 01:59:46 - SaltNet - INFO - val Mean IOU is 0.0000 at epoch 22
27/08/2018 01:59:46 - SaltNet - INFO - Epoch 23/49
27/08/2018 01:59:46 - SaltNet - INFO - --------------------
27/08/2018 01:59:47 - SaltNet - INFO - Batch Loss is 0.3642, Running loss is 6.3646, Batch IOU is 0.4500 at iter 48, epoch 23, Time: 0m 20s
27/08/2018 01:59:47 - SaltNet - INFO - train Mean IOU is 0.2250 at epoch 23
27/08/2018 01:59:47 - SaltNet - INFO - val Mean IOU is 0.0000 at epoch 23
27/08/2018 01:59:47 - SaltNet - INFO - Epoch 24/49
27/08/2018 01:59:47 - SaltNet - INFO - --------------------
27/08/2018 01:59:47 - SaltNet - INFO - Batch Loss is 0.3598, Running loss is 6.5762, Batch IOU is 0.3000 at iter 50, epoch 24, Time: 0m 21s
27/08/2018 01:59:48 - SaltNet - INFO - train Mean IOU is 0.1500 at epoch 24
27/08/2018 01:59:48 - SaltNet - INFO - val Mean IOU is 0.0000 at epoch 24
27/08/2018 01:59:48 - SaltNet - INFO - Epoch 25/49
27/08/2018 01:59:48 - SaltNet - INFO - --------------------
27/08/2018 01:59:48 - SaltNet - INFO - Batch Loss is 0.1723, Running loss is 6.7460, Batch IOU is 0.4500 at iter 52, epoch 25, Time: 0m 22s
27/08/2018 01:59:49 - SaltNet - INFO - train Mean IOU is 0.2500 at epoch 25
27/08/2018 01:59:49 - SaltNet - INFO - val Mean IOU is 0.0000 at epoch 25
27/08/2018 01:59:49 - SaltNet - INFO - Epoch 26/49
27/08/2018 01:59:49 - SaltNet - INFO - --------------------
27/08/2018 01:59:49 - SaltNet - INFO - Batch Loss is 0.3125, Running loss is 6.8693, Batch IOU is 0.3500 at iter 54, epoch 26, Time: 0m 23s
27/08/2018 01:59:50 - SaltNet - INFO - train Mean IOU is 0.4250 at epoch 26
27/08/2018 01:59:50 - SaltNet - INFO - val Mean IOU is 0.0000 at epoch 26
27/08/2018 01:59:50 - SaltNet - INFO - Epoch 27/49
27/08/2018 01:59:50 - SaltNet - INFO - --------------------
27/08/2018 01:59:50 - SaltNet - INFO - Batch Loss is 0.1879, Running loss is 6.7695, Batch IOU is 0.0000 at iter 56, epoch 27, Time: 0m 24s
27/08/2018 01:59:51 - SaltNet - INFO - train Mean IOU is 0.2500 at epoch 27
27/08/2018 01:59:51 - SaltNet - INFO - val Mean IOU is 0.0000 at epoch 27
27/08/2018 01:59:51 - SaltNet - INFO - Epoch 28/49
27/08/2018 01:59:51 - SaltNet - INFO - --------------------
27/08/2018 01:59:51 - SaltNet - INFO - Batch Loss is 0.2743, Running loss is 6.5744, Batch IOU is 0.4500 at iter 58, epoch 28, Time: 0m 24s
27/08/2018 01:59:51 - SaltNet - INFO - train Mean IOU is 0.2500 at epoch 28
27/08/2018 01:59:51 - SaltNet - INFO - val Mean IOU is 0.0000 at epoch 28
27/08/2018 01:59:51 - SaltNet - INFO - Epoch 29/49
27/08/2018 01:59:51 - SaltNet - INFO - --------------------
27/08/2018 01:59:52 - SaltNet - INFO - Batch Loss is 0.2931, Running loss is 6.4189, Batch IOU is 0.3000 at iter 60, epoch 29, Time: 0m 25s
27/08/2018 01:59:52 - SaltNet - INFO - train Mean IOU is 0.4000 at epoch 29
27/08/2018 01:59:52 - SaltNet - INFO - val Mean IOU is 0.0000 at epoch 29
27/08/2018 01:59:52 - SaltNet - INFO - Epoch 30/49
27/08/2018 01:59:52 - SaltNet - INFO - --------------------
27/08/2018 01:59:52 - SaltNet - INFO - Batch Loss is 0.2733, Running loss is 6.3238, Batch IOU is 0.0000 at iter 62, epoch 30, Time: 0m 26s
27/08/2018 01:59:53 - SaltNet - INFO - train Mean IOU is 0.1750 at epoch 30
27/08/2018 01:59:53 - SaltNet - INFO - val Mean IOU is 0.0000 at epoch 30
27/08/2018 01:59:53 - SaltNet - INFO - Epoch 31/49
27/08/2018 01:59:53 - SaltNet - INFO - --------------------
27/08/2018 01:59:53 - SaltNet - INFO - Batch Loss is 0.1936, Running loss is 6.1514, Batch IOU is 0.5000 at iter 64, epoch 31, Time: 0m 27s
27/08/2018 01:59:54 - SaltNet - INFO - train Mean IOU is 0.2500 at epoch 31
27/08/2018 01:59:54 - SaltNet - INFO - val Mean IOU is 0.0000 at epoch 31
27/08/2018 01:59:54 - SaltNet - INFO - Epoch 32/49
27/08/2018 01:59:54 - SaltNet - INFO - --------------------
27/08/2018 01:59:54 - SaltNet - INFO - Batch Loss is 0.1586, Running loss is 5.9744, Batch IOU is 0.0000 at iter 66, epoch 32, Time: 0m 28s
27/08/2018 01:59:55 - SaltNet - INFO - train Mean IOU is 0.2750 at epoch 32
27/08/2018 01:59:55 - SaltNet - INFO - val Mean IOU is 0.0000 at epoch 32
27/08/2018 01:59:55 - SaltNet - INFO - Epoch 33/49
27/08/2018 01:59:55 - SaltNet - INFO - --------------------
27/08/2018 01:59:55 - SaltNet - INFO - Batch Loss is 0.2392, Running loss is 5.8095, Batch IOU is 0.0000 at iter 68, epoch 33, Time: 0m 29s
27/08/2018 01:59:56 - SaltNet - INFO - train Mean IOU is 0.2000 at epoch 33
27/08/2018 01:59:56 - SaltNet - INFO - val Mean IOU is 0.0000 at epoch 33
27/08/2018 01:59:56 - SaltNet - INFO - Epoch 34/49
27/08/2018 01:59:56 - SaltNet - INFO - --------------------
27/08/2018 01:59:56 - SaltNet - INFO - Batch Loss is 0.1264, Running loss is 5.6592, Batch IOU is 0.1000 at iter 70, epoch 34, Time: 0m 30s
27/08/2018 01:59:57 - SaltNet - INFO - train Mean IOU is 0.3000 at epoch 34
27/08/2018 01:59:57 - SaltNet - INFO - val Mean IOU is 0.0000 at epoch 34
27/08/2018 01:59:57 - SaltNet - INFO - Epoch 35/49
27/08/2018 01:59:57 - SaltNet - INFO - --------------------
27/08/2018 01:59:57 - SaltNet - INFO - Batch Loss is 0.1298, Running loss is 5.5248, Batch IOU is 0.9000 at iter 72, epoch 35, Time: 0m 30s
27/08/2018 01:59:57 - SaltNet - INFO - train Mean IOU is 0.5250 at epoch 35
27/08/2018 01:59:57 - SaltNet - INFO - val Mean IOU is 0.0000 at epoch 35
27/08/2018 01:59:57 - SaltNet - INFO - Epoch 36/49
27/08/2018 01:59:57 - SaltNet - INFO - --------------------
27/08/2018 01:59:58 - SaltNet - INFO - Batch Loss is 0.0950, Running loss is 5.4079, Batch IOU is 0.1000 at iter 74, epoch 36, Time: 0m 31s
27/08/2018 01:59:58 - SaltNet - INFO - train Mean IOU is 0.5500 at epoch 36
27/08/2018 01:59:58 - SaltNet - INFO - val Mean IOU is 0.0000 at epoch 36
27/08/2018 01:59:58 - SaltNet - INFO - Epoch 37/49
27/08/2018 01:59:58 - SaltNet - INFO - --------------------
27/08/2018 01:59:58 - SaltNet - INFO - Batch Loss is 0.1235, Running loss is 5.3122, Batch IOU is 0.6500 at iter 76, epoch 37, Time: 0m 32s
27/08/2018 01:59:59 - SaltNet - INFO - train Mean IOU is 0.5250 at epoch 37
27/08/2018 01:59:59 - SaltNet - INFO - val Mean IOU is 0.0000 at epoch 37
27/08/2018 01:59:59 - SaltNet - INFO - Epoch 38/49
27/08/2018 01:59:59 - SaltNet - INFO - --------------------
27/08/2018 01:59:59 - SaltNet - INFO - Batch Loss is 0.1031, Running loss is 5.2327, Batch IOU is 0.6500 at iter 78, epoch 38, Time: 0m 33s
27/08/2018 02:00:00 - SaltNet - INFO - train Mean IOU is 0.5500 at epoch 38
27/08/2018 02:00:00 - SaltNet - INFO - val Mean IOU is 0.0000 at epoch 38
27/08/2018 02:00:00 - SaltNet - INFO - Epoch 39/49
27/08/2018 02:00:00 - SaltNet - INFO - --------------------
27/08/2018 02:00:00 - SaltNet - INFO - Batch Loss is 0.0886, Running loss is 5.1496, Batch IOU is 0.2000 at iter 80, epoch 39, Time: 0m 34s
27/08/2018 02:00:01 - SaltNet - INFO - train Mean IOU is 0.5750 at epoch 39
27/08/2018 02:00:01 - SaltNet - INFO - val Mean IOU is 0.0000 at epoch 39
27/08/2018 02:00:01 - SaltNet - INFO - Epoch 40/49
27/08/2018 02:00:01 - SaltNet - INFO - --------------------
27/08/2018 02:00:01 - SaltNet - INFO - Batch Loss is 0.0670, Running loss is 5.0500, Batch IOU is 0.7000 at iter 82, epoch 40, Time: 0m 35s
27/08/2018 02:00:02 - SaltNet - INFO - train Mean IOU is 0.7250 at epoch 40
27/08/2018 02:00:02 - SaltNet - INFO - val Mean IOU is 0.0000 at epoch 40
27/08/2018 02:00:02 - SaltNet - INFO - Epoch 41/49
27/08/2018 02:00:02 - SaltNet - INFO - --------------------
27/08/2018 02:00:02 - SaltNet - INFO - Batch Loss is 0.0646, Running loss is 4.9487, Batch IOU is 1.0000 at iter 84, epoch 41, Time: 0m 36s
27/08/2018 02:00:03 - SaltNet - INFO - train Mean IOU is 0.7000 at epoch 41
27/08/2018 02:00:03 - SaltNet - INFO - val Mean IOU is 0.0000 at epoch 41
27/08/2018 02:00:03 - SaltNet - INFO - Epoch 42/49
27/08/2018 02:00:03 - SaltNet - INFO - --------------------
27/08/2018 02:00:03 - SaltNet - INFO - Batch Loss is 0.0863, Running loss is 4.8488, Batch IOU is 0.8500 at iter 86, epoch 42, Time: 0m 36s
27/08/2018 02:00:03 - SaltNet - INFO - train Mean IOU is 0.4250 at epoch 42
27/08/2018 02:00:03 - SaltNet - INFO - val Mean IOU is 0.0000 at epoch 42
27/08/2018 02:00:03 - SaltNet - INFO - Epoch 43/49
27/08/2018 02:00:03 - SaltNet - INFO - --------------------
27/08/2018 02:00:04 - SaltNet - INFO - Batch Loss is 0.0399, Running loss is 4.7465, Batch IOU is 0.7500 at iter 88, epoch 43, Time: 0m 37s
27/08/2018 02:00:04 - SaltNet - INFO - train Mean IOU is 0.8000 at epoch 43
27/08/2018 02:00:04 - SaltNet - INFO - val Mean IOU is 0.0000 at epoch 43
27/08/2018 02:00:04 - SaltNet - INFO - Epoch 44/49
27/08/2018 02:00:04 - SaltNet - INFO - --------------------
27/08/2018 02:00:04 - SaltNet - INFO - Batch Loss is 0.0437, Running loss is 4.6448, Batch IOU is 0.6000 at iter 90, epoch 44, Time: 0m 38s
27/08/2018 02:00:05 - SaltNet - INFO - train Mean IOU is 0.8000 at epoch 44
27/08/2018 02:00:05 - SaltNet - INFO - val Mean IOU is 0.0500 at epoch 44
27/08/2018 02:00:05 - SaltNet - INFO - Epoch 45/49
27/08/2018 02:00:05 - SaltNet - INFO - --------------------
27/08/2018 02:00:05 - SaltNet - INFO - Batch Loss is 0.0380, Running loss is 4.5466, Batch IOU is 1.0000 at iter 92, epoch 45, Time: 0m 39s
27/08/2018 02:00:06 - SaltNet - INFO - train Mean IOU is 0.8000 at epoch 45
27/08/2018 02:00:06 - SaltNet - INFO - val Mean IOU is 0.0000 at epoch 45
27/08/2018 02:00:06 - SaltNet - INFO - Epoch 46/49
27/08/2018 02:00:06 - SaltNet - INFO - --------------------
27/08/2018 02:00:06 - SaltNet - INFO - Batch Loss is 0.0994, Running loss is 4.4542, Batch IOU is 0.7500 at iter 94, epoch 46, Time: 0m 40s
27/08/2018 02:00:07 - SaltNet - INFO - train Mean IOU is 0.6500 at epoch 46
27/08/2018 02:00:07 - SaltNet - INFO - val Mean IOU is 0.0000 at epoch 46
27/08/2018 02:00:07 - SaltNet - INFO - Epoch 47/49
27/08/2018 02:00:07 - SaltNet - INFO - --------------------
27/08/2018 02:00:07 - SaltNet - INFO - Batch Loss is 0.0515, Running loss is 4.3701, Batch IOU is 0.5000 at iter 96, epoch 47, Time: 0m 41s
27/08/2018 02:00:08 - SaltNet - INFO - train Mean IOU is 0.7000 at epoch 47
27/08/2018 02:00:08 - SaltNet - INFO - val Mean IOU is 0.0000 at epoch 47
27/08/2018 02:00:08 - SaltNet - INFO - Epoch 48/49
27/08/2018 02:00:08 - SaltNet - INFO - --------------------
27/08/2018 02:00:08 - SaltNet - INFO - Batch Loss is 0.0713, Running loss is 4.2948, Batch IOU is 0.5500 at iter 98, epoch 48, Time: 0m 41s
27/08/2018 02:00:08 - SaltNet - INFO - train Mean IOU is 0.6000 at epoch 48
27/08/2018 02:00:09 - SaltNet - INFO - val Mean IOU is 0.0000 at epoch 48
27/08/2018 02:00:09 - SaltNet - INFO - Epoch 49/49
27/08/2018 02:00:09 - SaltNet - INFO - --------------------
27/08/2018 02:00:09 - SaltNet - INFO - Batch Loss is 0.0375, Running loss is 4.2176, Batch IOU is 1.0000 at iter 100, epoch 49, Time: 0m 42s
27/08/2018 02:00:09 - SaltNet - INFO - train Mean IOU is 0.8000 at epoch 49
27/08/2018 02:00:09 - SaltNet - INFO - val Mean IOU is 0.0250 at epoch 49
27/08/2018 02:00:09 - SaltNet - INFO - --------------------
27/08/2018 02:00:09 - SaltNet - INFO - Training complete in 0m 44s
27/08/2018 02:00:09 - SaltNet - INFO - Best val IOU: 0.750000
27/08/2018 02:01:28 - SaltNet - INFO - Local Train_Model Function
27/08/2018 02:01:28 - SaltNet - INFO - Start Training...
27/08/2018 02:01:28 - SaltNet - INFO - Passed parameters: ['log', 'push_every', 'print_every', 'num_epochs', 'other_data', 'model_save_name', 'scheduler', 'optimizer', 'criterion', 'dataloaders', 'model']
27/08/2018 02:01:28 - SaltNet - INFO - Epoch 0/99
27/08/2018 02:01:28 - SaltNet - INFO - --------------------
27/08/2018 02:02:53 - SaltNet - INFO - Batch Loss is 0.9837, Running loss is 0.9837, Batch IOU is 0.0688 at iter 100, epoch 0, Time: 1m 24s
27/08/2018 02:04:18 - SaltNet - INFO - Batch Loss is 0.6665, Running loss is 0.8251, Batch IOU is 0.2875 at iter 200, epoch 0, Time: 2m 50s
27/08/2018 02:04:19 - SaltNet - INFO - train Mean IOU is 0.1234 at epoch 0
27/08/2018 02:04:32 - SaltNet - INFO - val Mean IOU is 0.1750 at epoch 0
27/08/2018 02:04:33 - SaltNet - INFO - ['Unet_Resnet18_trans_conv_class_weights_2018_08_27_12_01_28.ckp-chunk-1-Of-5', 'Unet_Resnet18_trans_conv_class_weights_2018_08_27_12_01_28.ckp-chunk-2-Of-5', 'Unet_Resnet18_trans_conv_class_weights_2018_08_27_12_01_28.ckp-chunk-3-Of-5', 'Unet_Resnet18_trans_conv_class_weights_2018_08_27_12_01_28.ckp-chunk-4-Of-5', 'Unet_Resnet18_trans_conv_class_weights_2018_08_27_12_01_28.ckp-chunk-5-Of-5']
27/08/2018 02:04:33 - SaltNet - INFO - Best Val Mean IOU so far: 0.175
27/08/2018 02:04:34 - SaltNet - INFO - ['Unet_Resnet18_trans_conv_class_weights_2018_08_27_12_01_28.ckp-chunk-1-Of-5', 'Unet_Resnet18_trans_conv_class_weights_2018_08_27_12_01_28.ckp-chunk-2-Of-5', 'Unet_Resnet18_trans_conv_class_weights_2018_08_27_12_01_28.ckp-chunk-3-Of-5', 'Unet_Resnet18_trans_conv_class_weights_2018_08_27_12_01_28.ckp-chunk-4-Of-5', 'Unet_Resnet18_trans_conv_class_weights_2018_08_27_12_01_28.ckp-chunk-5-Of-5']
27/08/2018 02:04:34 - SaltNet - INFO - Pushing model state to git.
27/08/2018 02:08:24 - SaltNet - INFO - Epoch 1/99
27/08/2018 02:08:24 - SaltNet - INFO - --------------------
27/08/2018 02:09:48 - SaltNet - INFO - Batch Loss is 0.5984, Running loss is 0.7500, Batch IOU is 0.2812 at iter 300, epoch 1, Time: 8m 20s
27/08/2018 02:11:13 - SaltNet - INFO - Batch Loss is 0.5332, Running loss is 0.7018, Batch IOU is 0.2812 at iter 400, epoch 1, Time: 9m 45s
27/08/2018 02:11:15 - SaltNet - INFO - train Mean IOU is 0.2458 at epoch 1
27/08/2018 02:11:27 - SaltNet - INFO - val Mean IOU is 0.4138 at epoch 1
27/08/2018 02:11:28 - SaltNet - INFO - ['Unet_Resnet18_trans_conv_class_weights_2018_08_27_12_01_28.ckp-chunk-1-Of-5', 'Unet_Resnet18_trans_conv_class_weights_2018_08_27_12_01_28.ckp-chunk-2-Of-5', 'Unet_Resnet18_trans_conv_class_weights_2018_08_27_12_01_28.ckp-chunk-3-Of-5', 'Unet_Resnet18_trans_conv_class_weights_2018_08_27_12_01_28.ckp-chunk-4-Of-5', 'Unet_Resnet18_trans_conv_class_weights_2018_08_27_12_01_28.ckp-chunk-5-Of-5']
27/08/2018 02:11:28 - SaltNet - INFO - Best Val Mean IOU so far: 0.41375
27/08/2018 02:11:29 - SaltNet - INFO - Epoch 2/99
27/08/2018 02:11:29 - SaltNet - INFO - --------------------
27/08/2018 02:12:54 - SaltNet - INFO - Batch Loss is 0.5253, Running loss is 0.6495, Batch IOU is 0.3125 at iter 500, epoch 2, Time: 11m 25s
27/08/2018 02:14:19 - SaltNet - INFO - Batch Loss is 0.5328, Running loss is 0.6329, Batch IOU is 0.4313 at iter 600, epoch 2, Time: 12m 51s
27/08/2018 02:14:20 - SaltNet - INFO - train Mean IOU is 0.3214 at epoch 2
27/08/2018 02:14:33 - SaltNet - INFO - val Mean IOU is 0.2949 at epoch 2
27/08/2018 02:14:33 - SaltNet - INFO - Epoch 3/99
27/08/2018 02:14:33 - SaltNet - INFO - --------------------
27/08/2018 02:15:58 - SaltNet - INFO - Batch Loss is 0.4971, Running loss is 0.6085, Batch IOU is 0.4875 at iter 700, epoch 3, Time: 14m 29s
27/08/2018 02:17:23 - SaltNet - INFO - Batch Loss is 0.4839, Running loss is 0.5954, Batch IOU is 0.2125 at iter 800, epoch 3, Time: 15m 55s
27/08/2018 02:17:24 - SaltNet - INFO - train Mean IOU is 0.3773 at epoch 3
27/08/2018 02:17:37 - SaltNet - INFO - val Mean IOU is 0.3039 at epoch 3
27/08/2018 02:17:37 - SaltNet - INFO - Epoch 4/99
27/08/2018 02:17:37 - SaltNet - INFO - --------------------
27/08/2018 02:19:01 - SaltNet - INFO - Batch Loss is 0.4636, Running loss is 0.5788, Batch IOU is 0.2313 at iter 900, epoch 4, Time: 17m 33s
27/08/2018 02:20:27 - SaltNet - INFO - Batch Loss is 0.4637, Running loss is 0.5692, Batch IOU is 0.2812 at iter 1000, epoch 4, Time: 18m 58s
27/08/2018 02:20:28 - SaltNet - INFO - train Mean IOU is 0.4172 at epoch 4
27/08/2018 02:20:40 - SaltNet - INFO - val Mean IOU is 0.4301 at epoch 4
27/08/2018 02:20:41 - SaltNet - INFO - ['Unet_Resnet18_trans_conv_class_weights_2018_08_27_12_01_28.ckp-chunk-1-Of-5', 'Unet_Resnet18_trans_conv_class_weights_2018_08_27_12_01_28.ckp-chunk-2-Of-5', 'Unet_Resnet18_trans_conv_class_weights_2018_08_27_12_01_28.ckp-chunk-3-Of-5', 'Unet_Resnet18_trans_conv_class_weights_2018_08_27_12_01_28.ckp-chunk-4-Of-5', 'Unet_Resnet18_trans_conv_class_weights_2018_08_27_12_01_28.ckp-chunk-5-Of-5']
27/08/2018 02:20:41 - SaltNet - INFO - Best Val Mean IOU so far: 0.43012500000000004
27/08/2018 02:20:42 - SaltNet - INFO - Epoch 5/99
27/08/2018 02:20:42 - SaltNet - INFO - --------------------
27/08/2018 02:22:07 - SaltNet - INFO - Batch Loss is 0.4650, Running loss is 0.5544, Batch IOU is 0.5188 at iter 1100, epoch 5, Time: 20m 38s
27/08/2018 02:23:32 - SaltNet - INFO - Batch Loss is 0.4167, Running loss is 0.5449, Batch IOU is 0.5062 at iter 1200, epoch 5, Time: 22m 3s
27/08/2018 02:23:33 - SaltNet - INFO - train Mean IOU is 0.4330 at epoch 5
27/08/2018 02:23:46 - SaltNet - INFO - val Mean IOU is 0.6088 at epoch 5
27/08/2018 02:23:46 - SaltNet - INFO - ['Unet_Resnet18_trans_conv_class_weights_2018_08_27_12_01_28.ckp-chunk-1-Of-5', 'Unet_Resnet18_trans_conv_class_weights_2018_08_27_12_01_28.ckp-chunk-2-Of-5', 'Unet_Resnet18_trans_conv_class_weights_2018_08_27_12_01_28.ckp-chunk-3-Of-5', 'Unet_Resnet18_trans_conv_class_weights_2018_08_27_12_01_28.ckp-chunk-4-Of-5', 'Unet_Resnet18_trans_conv_class_weights_2018_08_27_12_01_28.ckp-chunk-5-Of-5']
27/08/2018 02:23:46 - SaltNet - INFO - Best Val Mean IOU so far: 0.60875
27/08/2018 02:23:47 - SaltNet - INFO - Epoch 6/99
27/08/2018 02:23:47 - SaltNet - INFO - --------------------
27/08/2018 02:25:12 - SaltNet - INFO - Batch Loss is 0.4186, Running loss is 0.5326, Batch IOU is 0.4187 at iter 1300, epoch 6, Time: 23m 43s
27/08/2018 02:26:37 - SaltNet - INFO - Batch Loss is 0.4116, Running loss is 0.5255, Batch IOU is 0.3187 at iter 1400, epoch 6, Time: 25m 9s
27/08/2018 02:26:38 - SaltNet - INFO - train Mean IOU is 0.4595 at epoch 6
27/08/2018 02:26:51 - SaltNet - INFO - val Mean IOU is 0.3336 at epoch 6
27/08/2018 02:26:51 - SaltNet - INFO - Epoch 7/99
27/08/2018 02:26:51 - SaltNet - INFO - --------------------
27/08/2018 02:28:15 - SaltNet - INFO - Batch Loss is 0.3905, Running loss is 0.5144, Batch IOU is 0.6375 at iter 1500, epoch 7, Time: 26m 47s
27/08/2018 02:29:41 - SaltNet - INFO - Batch Loss is 0.4281, Running loss is 0.5100, Batch IOU is 0.4188 at iter 1600, epoch 7, Time: 28m 12s
27/08/2018 02:29:42 - SaltNet - INFO - train Mean IOU is 0.4890 at epoch 7
27/08/2018 02:29:54 - SaltNet - INFO - val Mean IOU is 0.5484 at epoch 7
27/08/2018 02:29:54 - SaltNet - INFO - Epoch 8/99
27/08/2018 02:29:54 - SaltNet - INFO - --------------------
27/08/2018 02:31:19 - SaltNet - INFO - Batch Loss is 0.3772, Running loss is 0.4999, Batch IOU is 0.2625 at iter 1700, epoch 8, Time: 29m 51s
27/08/2018 02:32:44 - SaltNet - INFO - Batch Loss is 0.3859, Running loss is 0.4947, Batch IOU is 0.6687 at iter 1800, epoch 8, Time: 31m 16s
27/08/2018 02:32:45 - SaltNet - INFO - train Mean IOU is 0.5024 at epoch 8
27/08/2018 02:32:58 - SaltNet - INFO - val Mean IOU is 0.4263 at epoch 8
27/08/2018 02:32:58 - SaltNet - INFO - Epoch 9/99
27/08/2018 02:32:58 - SaltNet - INFO - --------------------
27/08/2018 02:34:23 - SaltNet - INFO - Batch Loss is 0.3600, Running loss is 0.4881, Batch IOU is 0.7937 at iter 1900, epoch 9, Time: 32m 54s
27/08/2018 02:35:48 - SaltNet - INFO - Batch Loss is 0.3641, Running loss is 0.4830, Batch IOU is 0.5437 at iter 2000, epoch 9, Time: 34m 20s
27/08/2018 02:35:49 - SaltNet - INFO - train Mean IOU is 0.5474 at epoch 9
27/08/2018 02:36:02 - SaltNet - INFO - val Mean IOU is 0.6406 at epoch 9
27/08/2018 02:36:03 - SaltNet - INFO - ['Unet_Resnet18_trans_conv_class_weights_2018_08_27_12_01_28.ckp-chunk-1-Of-5', 'Unet_Resnet18_trans_conv_class_weights_2018_08_27_12_01_28.ckp-chunk-2-Of-5', 'Unet_Resnet18_trans_conv_class_weights_2018_08_27_12_01_28.ckp-chunk-3-Of-5', 'Unet_Resnet18_trans_conv_class_weights_2018_08_27_12_01_28.ckp-chunk-4-Of-5', 'Unet_Resnet18_trans_conv_class_weights_2018_08_27_12_01_28.ckp-chunk-5-Of-5']
27/08/2018 02:36:03 - SaltNet - INFO - Best Val Mean IOU so far: 0.640625
27/08/2018 02:36:03 - SaltNet - INFO - Epoch 10/99
27/08/2018 02:36:03 - SaltNet - INFO - --------------------
27/08/2018 02:37:28 - SaltNet - INFO - Batch Loss is 0.3572, Running loss is 0.4751, Batch IOU is 0.6000 at iter 2100, epoch 10, Time: 36m 0s
27/08/2018 02:38:53 - SaltNet - INFO - Batch Loss is 0.3605, Running loss is 0.4708, Batch IOU is 0.6562 at iter 2200, epoch 10, Time: 37m 25s
27/08/2018 02:38:54 - SaltNet - INFO - train Mean IOU is 0.5431 at epoch 10
27/08/2018 02:39:07 - SaltNet - INFO - val Mean IOU is 0.6835 at epoch 10
27/08/2018 02:39:08 - SaltNet - INFO - ['Unet_Resnet18_trans_conv_class_weights_2018_08_27_12_01_28.ckp-chunk-1-Of-5', 'Unet_Resnet18_trans_conv_class_weights_2018_08_27_12_01_28.ckp-chunk-2-Of-5', 'Unet_Resnet18_trans_conv_class_weights_2018_08_27_12_01_28.ckp-chunk-3-Of-5', 'Unet_Resnet18_trans_conv_class_weights_2018_08_27_12_01_28.ckp-chunk-4-Of-5', 'Unet_Resnet18_trans_conv_class_weights_2018_08_27_12_01_28.ckp-chunk-5-Of-5']
27/08/2018 02:39:08 - SaltNet - INFO - Best Val Mean IOU so far: 0.6835
27/08/2018 02:39:09 - SaltNet - INFO - ['Unet_Resnet18_trans_conv_class_weights_2018_08_27_12_01_28.ckp-chunk-1-Of-5', 'Unet_Resnet18_trans_conv_class_weights_2018_08_27_12_01_28.ckp-chunk-2-Of-5', 'Unet_Resnet18_trans_conv_class_weights_2018_08_27_12_01_28.ckp-chunk-3-Of-5', 'Unet_Resnet18_trans_conv_class_weights_2018_08_27_12_01_28.ckp-chunk-4-Of-5', 'Unet_Resnet18_trans_conv_class_weights_2018_08_27_12_01_28.ckp-chunk-5-Of-5']
27/08/2018 02:39:09 - SaltNet - INFO - Pushing model state to git.
27/08/2018 02:44:30 - SaltNet - INFO - Epoch 11/99
27/08/2018 02:44:30 - SaltNet - INFO - --------------------
27/08/2018 02:45:54 - SaltNet - INFO - Batch Loss is 0.3638, Running loss is 0.4645, Batch IOU is 0.4250 at iter 2300, epoch 11, Time: 44m 26s
27/08/2018 02:47:20 - SaltNet - INFO - Batch Loss is 0.3582, Running loss is 0.4609, Batch IOU is 0.7188 at iter 2400, epoch 11, Time: 45m 51s
27/08/2018 02:47:21 - SaltNet - INFO - train Mean IOU is 0.5593 at epoch 11
27/08/2018 02:47:34 - SaltNet - INFO - val Mean IOU is 0.5631 at epoch 11
27/08/2018 02:47:34 - SaltNet - INFO - Epoch 12/99
27/08/2018 02:47:34 - SaltNet - INFO - --------------------
27/08/2018 02:48:58 - SaltNet - INFO - Batch Loss is 0.3466, Running loss is 0.4550, Batch IOU is 0.4125 at iter 2500, epoch 12, Time: 47m 30s
27/08/2018 02:50:24 - SaltNet - INFO - Batch Loss is 0.3328, Running loss is 0.4512, Batch IOU is 0.5875 at iter 2600, epoch 12, Time: 48m 55s
27/08/2018 02:50:25 - SaltNet - INFO - train Mean IOU is 0.5475 at epoch 12
27/08/2018 02:50:37 - SaltNet - INFO - val Mean IOU is 0.5722 at epoch 12
27/08/2018 02:50:37 - SaltNet - INFO - Epoch 13/99
27/08/2018 02:50:37 - SaltNet - INFO - --------------------
27/08/2018 02:52:02 - SaltNet - INFO - Batch Loss is 0.3263, Running loss is 0.4452, Batch IOU is 0.7500 at iter 2700, epoch 13, Time: 50m 34s
27/08/2018 02:53:28 - SaltNet - INFO - Batch Loss is 0.3256, Running loss is 0.4417, Batch IOU is 0.3500 at iter 2800, epoch 13, Time: 51m 59s
27/08/2018 02:53:29 - SaltNet - INFO - train Mean IOU is 0.5688 at epoch 13
27/08/2018 02:53:41 - SaltNet - INFO - val Mean IOU is 0.5829 at epoch 13
27/08/2018 02:53:41 - SaltNet - INFO - Epoch 14/99
27/08/2018 02:53:41 - SaltNet - INFO - --------------------
27/08/2018 02:55:06 - SaltNet - INFO - Batch Loss is 0.3188, Running loss is 0.4365, Batch IOU is 0.6438 at iter 2900, epoch 14, Time: 53m 38s
27/08/2018 02:56:31 - SaltNet - INFO - Batch Loss is 0.3678, Running loss is 0.4346, Batch IOU is 0.7312 at iter 3000, epoch 14, Time: 55m 3s
27/08/2018 02:56:33 - SaltNet - INFO - train Mean IOU is 0.5672 at epoch 14
27/08/2018 02:56:45 - SaltNet - INFO - val Mean IOU is 0.6681 at epoch 14
27/08/2018 02:56:45 - SaltNet - INFO - Epoch 15/99
27/08/2018 02:56:45 - SaltNet - INFO - --------------------
27/08/2018 02:58:10 - SaltNet - INFO - Batch Loss is 0.3216, Running loss is 0.4305, Batch IOU is 0.5000 at iter 3100, epoch 15, Time: 56m 42s
27/08/2018 02:59:36 - SaltNet - INFO - Batch Loss is 0.3340, Running loss is 0.4280, Batch IOU is 0.4562 at iter 3200, epoch 15, Time: 58m 7s
27/08/2018 02:59:37 - SaltNet - INFO - train Mean IOU is 0.5806 at epoch 15
27/08/2018 02:59:50 - SaltNet - INFO - val Mean IOU is 0.6796 at epoch 15
27/08/2018 02:59:50 - SaltNet - INFO - Epoch 16/99
27/08/2018 02:59:50 - SaltNet - INFO - --------------------
27/08/2018 03:01:14 - SaltNet - INFO - Batch Loss is 0.3287, Running loss is 0.4239, Batch IOU is 0.8188 at iter 3300, epoch 16, Time: 59m 46s
27/08/2018 03:02:40 - SaltNet - INFO - Batch Loss is 0.3171, Running loss is 0.4214, Batch IOU is 0.6875 at iter 3400, epoch 16, Time: 61m 11s
27/08/2018 03:02:41 - SaltNet - INFO - train Mean IOU is 0.5870 at epoch 16
27/08/2018 03:02:53 - SaltNet - INFO - val Mean IOU is 0.6318 at epoch 16
27/08/2018 03:02:53 - SaltNet - INFO - Epoch 17/99
27/08/2018 03:02:53 - SaltNet - INFO - --------------------
27/08/2018 03:04:18 - SaltNet - INFO - Batch Loss is 0.3171, Running loss is 0.4174, Batch IOU is 0.5625 at iter 3500, epoch 17, Time: 62m 50s
27/08/2018 03:05:44 - SaltNet - INFO - Batch Loss is 0.2800, Running loss is 0.4143, Batch IOU is 0.5875 at iter 3600, epoch 17, Time: 64m 15s
27/08/2018 03:05:45 - SaltNet - INFO - train Mean IOU is 0.6028 at epoch 17
27/08/2018 03:05:57 - SaltNet - INFO - val Mean IOU is 0.6815 at epoch 17
27/08/2018 03:05:57 - SaltNet - INFO - Epoch 18/99
27/08/2018 03:05:57 - SaltNet - INFO - --------------------
27/08/2018 03:07:22 - SaltNet - INFO - Batch Loss is 0.3162, Running loss is 0.4109, Batch IOU is 0.6438 at iter 3700, epoch 18, Time: 65m 54s
27/08/2018 03:08:48 - SaltNet - INFO - Batch Loss is 0.2987, Running loss is 0.4085, Batch IOU is 0.3187 at iter 3800, epoch 18, Time: 67m 19s
27/08/2018 03:08:49 - SaltNet - INFO - train Mean IOU is 0.6106 at epoch 18
27/08/2018 03:09:01 - SaltNet - INFO - val Mean IOU is 0.6880 at epoch 18
27/08/2018 03:09:02 - SaltNet - INFO - ['Unet_Resnet18_trans_conv_class_weights_2018_08_27_12_01_28.ckp-chunk-1-Of-5', 'Unet_Resnet18_trans_conv_class_weights_2018_08_27_12_01_28.ckp-chunk-2-Of-5', 'Unet_Resnet18_trans_conv_class_weights_2018_08_27_12_01_28.ckp-chunk-3-Of-5', 'Unet_Resnet18_trans_conv_class_weights_2018_08_27_12_01_28.ckp-chunk-4-Of-5', 'Unet_Resnet18_trans_conv_class_weights_2018_08_27_12_01_28.ckp-chunk-5-Of-5']
27/08/2018 03:09:02 - SaltNet - INFO - Best Val Mean IOU so far: 0.6880000000000002
27/08/2018 03:09:03 - SaltNet - INFO - Epoch 19/99
27/08/2018 03:09:03 - SaltNet - INFO - --------------------
27/08/2018 03:10:28 - SaltNet - INFO - Batch Loss is 0.2937, Running loss is 0.4050, Batch IOU is 0.6750 at iter 3900, epoch 19, Time: 68m 59s
27/08/2018 03:11:53 - SaltNet - INFO - Batch Loss is 0.2991, Running loss is 0.4029, Batch IOU is 0.5750 at iter 4000, epoch 19, Time: 70m 25s
27/08/2018 03:11:54 - SaltNet - INFO - train Mean IOU is 0.6125 at epoch 19
27/08/2018 03:12:07 - SaltNet - INFO - val Mean IOU is 0.6843 at epoch 19
27/08/2018 03:12:07 - SaltNet - INFO - Epoch 20/99
27/08/2018 03:12:07 - SaltNet - INFO - --------------------
27/08/2018 03:13:32 - SaltNet - INFO - Batch Loss is 0.3203, Running loss is 0.4000, Batch IOU is 0.5250 at iter 4100, epoch 20, Time: 72m 4s
27/08/2018 03:14:58 - SaltNet - INFO - Batch Loss is 0.2770, Running loss is 0.3977, Batch IOU is 0.5312 at iter 4200, epoch 20, Time: 73m 29s
27/08/2018 03:14:59 - SaltNet - INFO - train Mean IOU is 0.6088 at epoch 20
27/08/2018 03:15:11 - SaltNet - INFO - val Mean IOU is 0.6438 at epoch 20
27/08/2018 03:15:12 - SaltNet - INFO - ['Unet_Resnet18_trans_conv_class_weights_2018_08_27_12_01_28.ckp-chunk-1-Of-5', 'Unet_Resnet18_trans_conv_class_weights_2018_08_27_12_01_28.ckp-chunk-2-Of-5', 'Unet_Resnet18_trans_conv_class_weights_2018_08_27_12_01_28.ckp-chunk-3-Of-5', 'Unet_Resnet18_trans_conv_class_weights_2018_08_27_12_01_28.ckp-chunk-4-Of-5', 'Unet_Resnet18_trans_conv_class_weights_2018_08_27_12_01_28.ckp-chunk-5-Of-5']
27/08/2018 03:15:12 - SaltNet - INFO - Pushing model state to git.
27/08/2018 03:22:12 - SaltNet - INFO - Epoch 21/99
27/08/2018 03:22:12 - SaltNet - INFO - --------------------
27/08/2018 03:23:37 - SaltNet - INFO - Batch Loss is 0.2735, Running loss is 0.3942, Batch IOU is 0.6313 at iter 4300, epoch 21, Time: 82m 8s
27/08/2018 03:25:02 - SaltNet - INFO - Batch Loss is 0.2751, Running loss is 0.3920, Batch IOU is 0.7812 at iter 4400, epoch 21, Time: 83m 34s
27/08/2018 03:25:03 - SaltNet - INFO - train Mean IOU is 0.6231 at epoch 21
27/08/2018 03:25:16 - SaltNet - INFO - val Mean IOU is 0.6922 at epoch 21
27/08/2018 03:25:17 - SaltNet - INFO - ['Unet_Resnet18_trans_conv_class_weights_2018_08_27_12_01_28.ckp-chunk-1-Of-5', 'Unet_Resnet18_trans_conv_class_weights_2018_08_27_12_01_28.ckp-chunk-2-Of-5', 'Unet_Resnet18_trans_conv_class_weights_2018_08_27_12_01_28.ckp-chunk-3-Of-5', 'Unet_Resnet18_trans_conv_class_weights_2018_08_27_12_01_28.ckp-chunk-4-Of-5', 'Unet_Resnet18_trans_conv_class_weights_2018_08_27_12_01_28.ckp-chunk-5-Of-5']
27/08/2018 03:25:17 - SaltNet - INFO - Best Val Mean IOU so far: 0.6922499999999999
27/08/2018 03:25:17 - SaltNet - INFO - Epoch 22/99
27/08/2018 03:25:17 - SaltNet - INFO - --------------------
27/08/2018 03:26:42 - SaltNet - INFO - Batch Loss is 0.3039, Running loss is 0.3897, Batch IOU is 0.5687 at iter 4500, epoch 22, Time: 85m 14s
27/08/2018 03:28:08 - SaltNet - INFO - Batch Loss is 0.2875, Running loss is 0.3880, Batch IOU is 0.7063 at iter 4600, epoch 22, Time: 86m 39s
27/08/2018 03:28:09 - SaltNet - INFO - train Mean IOU is 0.6179 at epoch 22
27/08/2018 03:28:21 - SaltNet - INFO - val Mean IOU is 0.6339 at epoch 22
27/08/2018 03:28:21 - SaltNet - INFO - Epoch 23/99
27/08/2018 03:28:21 - SaltNet - INFO - --------------------
27/08/2018 03:29:46 - SaltNet - INFO - Batch Loss is 0.2712, Running loss is 0.3850, Batch IOU is 0.8000 at iter 4700, epoch 23, Time: 88m 18s
27/08/2018 03:31:12 - SaltNet - INFO - Batch Loss is 0.2862, Running loss is 0.3834, Batch IOU is 0.6688 at iter 4800, epoch 23, Time: 89m 43s
27/08/2018 03:31:13 - SaltNet - INFO - train Mean IOU is 0.6354 at epoch 23
27/08/2018 03:31:25 - SaltNet - INFO - val Mean IOU is 0.6776 at epoch 23
27/08/2018 03:31:25 - SaltNet - INFO - Epoch 24/99
27/08/2018 03:31:25 - SaltNet - INFO - --------------------
27/08/2018 03:32:50 - SaltNet - INFO - Batch Loss is 0.2824, Running loss is 0.3808, Batch IOU is 0.5625 at iter 4900, epoch 24, Time: 91m 22s
27/08/2018 03:34:16 - SaltNet - INFO - Batch Loss is 0.2940, Running loss is 0.3794, Batch IOU is 0.8313 at iter 5000, epoch 24, Time: 92m 47s
27/08/2018 03:34:17 - SaltNet - INFO - train Mean IOU is 0.6307 at epoch 24
27/08/2018 03:34:30 - SaltNet - INFO - val Mean IOU is 0.6384 at epoch 24
27/08/2018 03:34:30 - SaltNet - INFO - Epoch 25/99
27/08/2018 03:34:30 - SaltNet - INFO - --------------------
27/08/2018 03:35:54 - SaltNet - INFO - Batch Loss is 0.2626, Running loss is 0.3769, Batch IOU is 0.6562 at iter 5100, epoch 25, Time: 94m 26s
27/08/2018 03:37:20 - SaltNet - INFO - Batch Loss is 0.2703, Running loss is 0.3752, Batch IOU is 0.3875 at iter 5200, epoch 25, Time: 95m 51s
27/08/2018 03:37:21 - SaltNet - INFO - train Mean IOU is 0.6382 at epoch 25
27/08/2018 03:37:34 - SaltNet - INFO - val Mean IOU is 0.6734 at epoch 25
27/08/2018 03:37:34 - SaltNet - INFO - Epoch 26/99
27/08/2018 03:37:34 - SaltNet - INFO - --------------------
27/08/2018 03:38:58 - SaltNet - INFO - Batch Loss is 0.2778, Running loss is 0.3730, Batch IOU is 0.5312 at iter 5300, epoch 26, Time: 97m 30s
27/08/2018 03:40:23 - SaltNet - INFO - Batch Loss is 0.2711, Running loss is 0.3715, Batch IOU is 0.5312 at iter 5400, epoch 26, Time: 98m 55s
27/08/2018 03:40:25 - SaltNet - INFO - train Mean IOU is 0.6316 at epoch 26
27/08/2018 03:40:37 - SaltNet - INFO - val Mean IOU is 0.6624 at epoch 26
27/08/2018 03:40:37 - SaltNet - INFO - Epoch 27/99
27/08/2018 03:40:37 - SaltNet - INFO - --------------------
27/08/2018 03:42:02 - SaltNet - INFO - Batch Loss is 0.2460, Running loss is 0.3690, Batch IOU is 0.6813 at iter 5500, epoch 27, Time: 100m 34s
27/08/2018 03:43:27 - SaltNet - INFO - Batch Loss is 0.2797, Running loss is 0.3677, Batch IOU is 0.9000 at iter 5600, epoch 27, Time: 101m 59s
27/08/2018 03:43:28 - SaltNet - INFO - train Mean IOU is 0.6422 at epoch 27
27/08/2018 03:43:41 - SaltNet - INFO - val Mean IOU is 0.6229 at epoch 27
27/08/2018 03:43:41 - SaltNet - INFO - Epoch 28/99
27/08/2018 03:43:41 - SaltNet - INFO - --------------------
27/08/2018 03:45:06 - SaltNet - INFO - Batch Loss is 0.2768, Running loss is 0.3657, Batch IOU is 0.6750 at iter 5700, epoch 28, Time: 103m 37s
27/08/2018 03:46:31 - SaltNet - INFO - Batch Loss is 0.2535, Running loss is 0.3642, Batch IOU is 0.7625 at iter 5800, epoch 28, Time: 105m 3s
27/08/2018 03:46:32 - SaltNet - INFO - train Mean IOU is 0.6393 at epoch 28
27/08/2018 03:46:45 - SaltNet - INFO - val Mean IOU is 0.5956 at epoch 28
27/08/2018 03:46:45 - SaltNet - INFO - Epoch 29/99
27/08/2018 03:46:45 - SaltNet - INFO - --------------------
27/08/2018 03:48:09 - SaltNet - INFO - Batch Loss is 0.2687, Running loss is 0.3624, Batch IOU is 0.7875 at iter 5900, epoch 29, Time: 106m 41s
27/08/2018 03:49:34 - SaltNet - INFO - Batch Loss is 0.2461, Running loss is 0.3608, Batch IOU is 0.6812 at iter 6000, epoch 29, Time: 108m 6s
27/08/2018 03:49:35 - SaltNet - INFO - train Mean IOU is 0.6616 at epoch 29
27/08/2018 03:49:48 - SaltNet - INFO - val Mean IOU is 0.6826 at epoch 29
27/08/2018 03:49:48 - SaltNet - INFO - Epoch 30/99
27/08/2018 03:49:48 - SaltNet - INFO - --------------------
27/08/2018 03:51:12 - SaltNet - INFO - Batch Loss is 0.2522, Running loss is 0.3587, Batch IOU is 0.8500 at iter 6100, epoch 30, Time: 109m 44s
27/08/2018 03:52:37 - SaltNet - INFO - Batch Loss is 0.2657, Running loss is 0.3575, Batch IOU is 0.6937 at iter 6200, epoch 30, Time: 111m 9s
27/08/2018 03:52:38 - SaltNet - INFO - train Mean IOU is 0.6472 at epoch 30
27/08/2018 03:52:51 - SaltNet - INFO - val Mean IOU is 0.7025 at epoch 30
27/08/2018 03:52:52 - SaltNet - INFO - ['Unet_Resnet18_trans_conv_class_weights_2018_08_27_12_01_28.ckp-chunk-1-Of-5', 'Unet_Resnet18_trans_conv_class_weights_2018_08_27_12_01_28.ckp-chunk-2-Of-5', 'Unet_Resnet18_trans_conv_class_weights_2018_08_27_12_01_28.ckp-chunk-3-Of-5', 'Unet_Resnet18_trans_conv_class_weights_2018_08_27_12_01_28.ckp-chunk-4-Of-5', 'Unet_Resnet18_trans_conv_class_weights_2018_08_27_12_01_28.ckp-chunk-5-Of-5']
27/08/2018 03:52:52 - SaltNet - INFO - Best Val Mean IOU so far: 0.7025
27/08/2018 03:52:53 - SaltNet - INFO - ['Unet_Resnet18_trans_conv_class_weights_2018_08_27_12_01_28.ckp-chunk-1-Of-5', 'Unet_Resnet18_trans_conv_class_weights_2018_08_27_12_01_28.ckp-chunk-2-Of-5', 'Unet_Resnet18_trans_conv_class_weights_2018_08_27_12_01_28.ckp-chunk-3-Of-5', 'Unet_Resnet18_trans_conv_class_weights_2018_08_27_12_01_28.ckp-chunk-4-Of-5', 'Unet_Resnet18_trans_conv_class_weights_2018_08_27_12_01_28.ckp-chunk-5-Of-5']
27/08/2018 03:52:53 - SaltNet - INFO - Pushing model state to git.
27/08/2018 04:00:55 - SaltNet - INFO - Epoch 31/99
27/08/2018 04:00:55 - SaltNet - INFO - --------------------
27/08/2018 04:02:19 - SaltNet - INFO - Batch Loss is 0.2496, Running loss is 0.3554, Batch IOU is 0.6375 at iter 6300, epoch 31, Time: 120m 50s
27/08/2018 04:03:44 - SaltNet - INFO - Batch Loss is 0.2611, Running loss is 0.3542, Batch IOU is 0.7375 at iter 6400, epoch 31, Time: 122m 15s
27/08/2018 04:03:45 - SaltNet - INFO - train Mean IOU is 0.6501 at epoch 31
27/08/2018 04:03:58 - SaltNet - INFO - val Mean IOU is 0.7093 at epoch 31
27/08/2018 04:03:59 - SaltNet - INFO - ['Unet_Resnet18_trans_conv_class_weights_2018_08_27_12_01_28.ckp-chunk-1-Of-5', 'Unet_Resnet18_trans_conv_class_weights_2018_08_27_12_01_28.ckp-chunk-2-Of-5', 'Unet_Resnet18_trans_conv_class_weights_2018_08_27_12_01_28.ckp-chunk-3-Of-5', 'Unet_Resnet18_trans_conv_class_weights_2018_08_27_12_01_28.ckp-chunk-4-Of-5', 'Unet_Resnet18_trans_conv_class_weights_2018_08_27_12_01_28.ckp-chunk-5-Of-5']
27/08/2018 04:03:59 - SaltNet - INFO - Best Val Mean IOU so far: 0.7092500000000002
27/08/2018 04:03:59 - SaltNet - INFO - Epoch 32/99
27/08/2018 04:03:59 - SaltNet - INFO - --------------------
27/08/2018 04:05:24 - SaltNet - INFO - Batch Loss is 0.2569, Running loss is 0.3524, Batch IOU is 0.5500 at iter 6500, epoch 32, Time: 123m 55s
27/08/2018 04:06:49 - SaltNet - INFO - Batch Loss is 0.2571, Running loss is 0.3512, Batch IOU is 0.4625 at iter 6600, epoch 32, Time: 125m 20s
27/08/2018 04:06:50 - SaltNet - INFO - train Mean IOU is 0.6350 at epoch 32
27/08/2018 04:07:02 - SaltNet - INFO - val Mean IOU is 0.6915 at epoch 32
27/08/2018 04:07:02 - SaltNet - INFO - Epoch 33/99
27/08/2018 04:07:02 - SaltNet - INFO - --------------------
27/08/2018 04:08:27 - SaltNet - INFO - Batch Loss is 0.2275, Running loss is 0.3490, Batch IOU is 0.6125 at iter 6700, epoch 33, Time: 126m 58s
27/08/2018 04:09:52 - SaltNet - INFO - Batch Loss is 0.2631, Running loss is 0.3480, Batch IOU is 0.7688 at iter 6800, epoch 33, Time: 128m 23s
27/08/2018 04:09:53 - SaltNet - INFO - train Mean IOU is 0.6588 at epoch 33
27/08/2018 04:10:05 - SaltNet - INFO - val Mean IOU is 0.7044 at epoch 33
27/08/2018 04:10:05 - SaltNet - INFO - Epoch 34/99
27/08/2018 04:10:05 - SaltNet - INFO - --------------------
27/08/2018 04:11:30 - SaltNet - INFO - Batch Loss is 0.2311, Running loss is 0.3460, Batch IOU is 0.6187 at iter 6900, epoch 34, Time: 130m 1s
27/08/2018 04:12:55 - SaltNet - INFO - Batch Loss is 0.2671, Running loss is 0.3451, Batch IOU is 0.8062 at iter 7000, epoch 34, Time: 131m 26s
27/08/2018 04:12:56 - SaltNet - INFO - train Mean IOU is 0.6582 at epoch 34
27/08/2018 04:13:08 - SaltNet - INFO - val Mean IOU is 0.7353 at epoch 34
27/08/2018 04:13:09 - SaltNet - INFO - ['Unet_Resnet18_trans_conv_class_weights_2018_08_27_12_01_28.ckp-chunk-1-Of-5', 'Unet_Resnet18_trans_conv_class_weights_2018_08_27_12_01_28.ckp-chunk-2-Of-5', 'Unet_Resnet18_trans_conv_class_weights_2018_08_27_12_01_28.ckp-chunk-3-Of-5', 'Unet_Resnet18_trans_conv_class_weights_2018_08_27_12_01_28.ckp-chunk-4-Of-5', 'Unet_Resnet18_trans_conv_class_weights_2018_08_27_12_01_28.ckp-chunk-5-Of-5']
27/08/2018 04:13:09 - SaltNet - INFO - Best Val Mean IOU so far: 0.7352500000000001
27/08/2018 04:13:10 - SaltNet - INFO - Epoch 35/99
27/08/2018 04:13:10 - SaltNet - INFO - --------------------
27/08/2018 04:14:34 - SaltNet - INFO - Batch Loss is 0.2363, Running loss is 0.3431, Batch IOU is 0.5625 at iter 7100, epoch 35, Time: 133m 6s
27/08/2018 04:15:59 - SaltNet - INFO - Batch Loss is 0.2419, Running loss is 0.3420, Batch IOU is 0.7062 at iter 7200, epoch 35, Time: 134m 30s
27/08/2018 04:16:00 - SaltNet - INFO - train Mean IOU is 0.6649 at epoch 35
27/08/2018 04:16:12 - SaltNet - INFO - val Mean IOU is 0.7340 at epoch 35
27/08/2018 04:16:12 - SaltNet - INFO - Epoch 36/99
27/08/2018 04:16:12 - SaltNet - INFO - --------------------
27/08/2018 04:17:37 - SaltNet - INFO - Batch Loss is 0.2483, Running loss is 0.3404, Batch IOU is 0.6562 at iter 7300, epoch 36, Time: 136m 8s
27/08/2018 04:19:02 - SaltNet - INFO - Batch Loss is 0.2602, Running loss is 0.3395, Batch IOU is 0.7688 at iter 7400, epoch 36, Time: 137m 33s
27/08/2018 04:19:03 - SaltNet - INFO - train Mean IOU is 0.6733 at epoch 36
27/08/2018 04:19:15 - SaltNet - INFO - val Mean IOU is 0.7137 at epoch 36
27/08/2018 04:19:15 - SaltNet - INFO - Epoch 37/99
27/08/2018 04:19:15 - SaltNet - INFO - --------------------
27/08/2018 04:20:40 - SaltNet - INFO - Batch Loss is 0.2404, Running loss is 0.3381, Batch IOU is 0.6938 at iter 7500, epoch 37, Time: 139m 12s
27/08/2018 04:22:05 - SaltNet - INFO - Batch Loss is 0.2512, Running loss is 0.3372, Batch IOU is 0.7562 at iter 7600, epoch 37, Time: 140m 37s
27/08/2018 04:22:06 - SaltNet - INFO - train Mean IOU is 0.6566 at epoch 37
27/08/2018 04:22:19 - SaltNet - INFO - val Mean IOU is 0.7376 at epoch 37
27/08/2018 04:22:20 - SaltNet - INFO - ['Unet_Resnet18_trans_conv_class_weights_2018_08_27_12_01_28.ckp-chunk-1-Of-5', 'Unet_Resnet18_trans_conv_class_weights_2018_08_27_12_01_28.ckp-chunk-2-Of-5', 'Unet_Resnet18_trans_conv_class_weights_2018_08_27_12_01_28.ckp-chunk-3-Of-5', 'Unet_Resnet18_trans_conv_class_weights_2018_08_27_12_01_28.ckp-chunk-4-Of-5', 'Unet_Resnet18_trans_conv_class_weights_2018_08_27_12_01_28.ckp-chunk-5-Of-5']
27/08/2018 04:22:20 - SaltNet - INFO - Best Val Mean IOU so far: 0.737625
27/08/2018 04:22:20 - SaltNet - INFO - Epoch 38/99
27/08/2018 04:22:20 - SaltNet - INFO - --------------------
27/08/2018 04:23:45 - SaltNet - INFO - Batch Loss is 0.2548, Running loss is 0.3357, Batch IOU is 0.5188 at iter 7700, epoch 38, Time: 142m 16s
27/08/2018 04:25:10 - SaltNet - INFO - Batch Loss is 0.2307, Running loss is 0.3346, Batch IOU is 0.7438 at iter 7800, epoch 38, Time: 143m 41s
27/08/2018 04:25:11 - SaltNet - INFO - train Mean IOU is 0.6735 at epoch 38
27/08/2018 04:25:23 - SaltNet - INFO - val Mean IOU is 0.7190 at epoch 38
27/08/2018 04:25:23 - SaltNet - INFO - Epoch 39/99
27/08/2018 04:25:23 - SaltNet - INFO - --------------------
27/08/2018 04:26:48 - SaltNet - INFO - Batch Loss is 0.2443, Running loss is 0.3330, Batch IOU is 0.5625 at iter 7900, epoch 39, Time: 145m 20s
27/08/2018 04:28:13 - SaltNet - INFO - Batch Loss is 0.2297, Running loss is 0.3320, Batch IOU is 0.6875 at iter 8000, epoch 39, Time: 146m 44s
27/08/2018 04:28:14 - SaltNet - INFO - train Mean IOU is 0.6733 at epoch 39
27/08/2018 04:28:26 - SaltNet - INFO - val Mean IOU is 0.7091 at epoch 39
27/08/2018 04:28:26 - SaltNet - INFO - Epoch 40/99
27/08/2018 04:28:26 - SaltNet - INFO - --------------------
27/08/2018 04:29:51 - SaltNet - INFO - Batch Loss is 0.2195, Running loss is 0.3305, Batch IOU is 0.6438 at iter 8100, epoch 40, Time: 148m 23s
27/08/2018 04:31:16 - SaltNet - INFO - Batch Loss is 0.2259, Running loss is 0.3295, Batch IOU is 0.5312 at iter 8200, epoch 40, Time: 149m 48s
27/08/2018 04:31:17 - SaltNet - INFO - train Mean IOU is 0.6784 at epoch 40
27/08/2018 04:31:30 - SaltNet - INFO - val Mean IOU is 0.7084 at epoch 40
27/08/2018 04:31:31 - SaltNet - INFO - ['Unet_Resnet18_trans_conv_class_weights_2018_08_27_12_01_28.ckp-chunk-1-Of-5', 'Unet_Resnet18_trans_conv_class_weights_2018_08_27_12_01_28.ckp-chunk-2-Of-5', 'Unet_Resnet18_trans_conv_class_weights_2018_08_27_12_01_28.ckp-chunk-3-Of-5', 'Unet_Resnet18_trans_conv_class_weights_2018_08_27_12_01_28.ckp-chunk-4-Of-5', 'Unet_Resnet18_trans_conv_class_weights_2018_08_27_12_01_28.ckp-chunk-5-Of-5']
27/08/2018 04:31:31 - SaltNet - INFO - Pushing model state to git.
27/08/2018 04:40:41 - SaltNet - INFO - Epoch 41/99
27/08/2018 04:40:41 - SaltNet - INFO - --------------------
27/08/2018 04:42:05 - SaltNet - INFO - Batch Loss is 0.2273, Running loss is 0.3282, Batch IOU is 0.7812 at iter 8300, epoch 41, Time: 160m 37s
27/08/2018 04:43:30 - SaltNet - INFO - Batch Loss is 0.2361, Running loss is 0.3273, Batch IOU is 0.7125 at iter 8400, epoch 41, Time: 162m 2s
27/08/2018 04:43:32 - SaltNet - INFO - train Mean IOU is 0.6754 at epoch 41
27/08/2018 04:43:44 - SaltNet - INFO - val Mean IOU is 0.7324 at epoch 41
27/08/2018 04:43:44 - SaltNet - INFO - Epoch 42/99
27/08/2018 04:43:44 - SaltNet - INFO - --------------------
27/08/2018 04:45:08 - SaltNet - INFO - Batch Loss is 0.2190, Running loss is 0.3259, Batch IOU is 0.8750 at iter 8500, epoch 42, Time: 163m 40s
27/08/2018 04:46:33 - SaltNet - INFO - Batch Loss is 0.2358, Running loss is 0.3250, Batch IOU is 0.8125 at iter 8600, epoch 42, Time: 165m 5s
27/08/2018 04:46:34 - SaltNet - INFO - train Mean IOU is 0.6739 at epoch 42
27/08/2018 04:46:47 - SaltNet - INFO - val Mean IOU is 0.6520 at epoch 42
27/08/2018 04:46:47 - SaltNet - INFO - Epoch 43/99
27/08/2018 04:46:47 - SaltNet - INFO - --------------------
27/08/2018 04:48:11 - SaltNet - INFO - Batch Loss is 0.2287, Running loss is 0.3238, Batch IOU is 0.8750 at iter 8700, epoch 43, Time: 166m 43s
27/08/2018 04:49:36 - SaltNet - INFO - Batch Loss is 0.2324, Running loss is 0.3229, Batch IOU is 0.6625 at iter 8800, epoch 43, Time: 168m 8s
27/08/2018 04:49:37 - SaltNet - INFO - train Mean IOU is 0.6795 at epoch 43
27/08/2018 04:49:50 - SaltNet - INFO - val Mean IOU is 0.6540 at epoch 43
27/08/2018 04:49:50 - SaltNet - INFO - Epoch 44/99
27/08/2018 04:49:50 - SaltNet - INFO - --------------------
27/08/2018 04:51:14 - SaltNet - INFO - Batch Loss is 0.2276, Running loss is 0.3217, Batch IOU is 0.6062 at iter 8900, epoch 44, Time: 169m 46s
27/08/2018 04:52:39 - SaltNet - INFO - Batch Loss is 0.2321, Running loss is 0.3209, Batch IOU is 0.6313 at iter 9000, epoch 44, Time: 171m 11s
27/08/2018 04:52:40 - SaltNet - INFO - train Mean IOU is 0.6732 at epoch 44
27/08/2018 04:52:53 - SaltNet - INFO - val Mean IOU is 0.7251 at epoch 44
27/08/2018 04:52:53 - SaltNet - INFO - Epoch 45/99
27/08/2018 04:52:53 - SaltNet - INFO - --------------------
27/08/2018 04:54:17 - SaltNet - INFO - Batch Loss is 0.2199, Running loss is 0.3195, Batch IOU is 0.7063 at iter 9100, epoch 45, Time: 172m 49s
27/08/2018 04:55:42 - SaltNet - INFO - Batch Loss is 0.2222, Running loss is 0.3187, Batch IOU is 0.6438 at iter 9200, epoch 45, Time: 174m 13s
27/08/2018 04:55:43 - SaltNet - INFO - train Mean IOU is 0.6799 at epoch 45
27/08/2018 04:55:56 - SaltNet - INFO - val Mean IOU is 0.6825 at epoch 45
27/08/2018 04:55:56 - SaltNet - INFO - Epoch 46/99
27/08/2018 04:55:56 - SaltNet - INFO - --------------------
27/08/2018 04:57:20 - SaltNet - INFO - Batch Loss is 0.2222, Running loss is 0.3176, Batch IOU is 0.7562 at iter 9300, epoch 46, Time: 175m 52s
27/08/2018 04:58:45 - SaltNet - INFO - Batch Loss is 0.2198, Running loss is 0.3168, Batch IOU is 0.7000 at iter 9400, epoch 46, Time: 177m 16s
27/08/2018 04:58:46 - SaltNet - INFO - train Mean IOU is 0.6779 at epoch 46
27/08/2018 04:58:58 - SaltNet - INFO - val Mean IOU is 0.7384 at epoch 46
27/08/2018 04:58:59 - SaltNet - INFO - ['Unet_Resnet18_trans_conv_class_weights_2018_08_27_12_01_28.ckp-chunk-1-Of-5', 'Unet_Resnet18_trans_conv_class_weights_2018_08_27_12_01_28.ckp-chunk-2-Of-5', 'Unet_Resnet18_trans_conv_class_weights_2018_08_27_12_01_28.ckp-chunk-3-Of-5', 'Unet_Resnet18_trans_conv_class_weights_2018_08_27_12_01_28.ckp-chunk-4-Of-5', 'Unet_Resnet18_trans_conv_class_weights_2018_08_27_12_01_28.ckp-chunk-5-Of-5']
27/08/2018 04:58:59 - SaltNet - INFO - Best Val Mean IOU so far: 0.738375
27/08/2018 04:59:00 - SaltNet - INFO - Epoch 47/99
27/08/2018 04:59:00 - SaltNet - INFO - --------------------
27/08/2018 05:00:24 - SaltNet - INFO - Batch Loss is 0.2301, Running loss is 0.3157, Batch IOU is 0.6312 at iter 9500, epoch 47, Time: 178m 56s
27/08/2018 05:01:49 - SaltNet - INFO - Batch Loss is 0.2133, Running loss is 0.3149, Batch IOU is 0.7875 at iter 9600, epoch 47, Time: 180m 20s
27/08/2018 05:01:50 - SaltNet - INFO - train Mean IOU is 0.6932 at epoch 47
27/08/2018 05:02:02 - SaltNet - INFO - val Mean IOU is 0.7222 at epoch 47
27/08/2018 05:02:02 - SaltNet - INFO - Epoch 48/99
27/08/2018 05:02:02 - SaltNet - INFO - --------------------
27/08/2018 05:03:27 - SaltNet - INFO - Batch Loss is 0.2200, Running loss is 0.3137, Batch IOU is 0.5750 at iter 9700, epoch 48, Time: 181m 58s
27/08/2018 05:04:52 - SaltNet - INFO - Batch Loss is 0.2230, Running loss is 0.3130, Batch IOU is 0.7688 at iter 9800, epoch 48, Time: 183m 23s
27/08/2018 05:04:53 - SaltNet - INFO - train Mean IOU is 0.6850 at epoch 48
27/08/2018 05:05:05 - SaltNet - INFO - val Mean IOU is 0.7040 at epoch 48
27/08/2018 05:05:05 - SaltNet - INFO - Epoch 49/99
27/08/2018 05:05:05 - SaltNet - INFO - --------------------
27/08/2018 05:06:29 - SaltNet - INFO - Batch Loss is 0.2045, Running loss is 0.3117, Batch IOU is 0.4938 at iter 9900, epoch 49, Time: 185m 1s
27/08/2018 05:07:54 - SaltNet - INFO - Batch Loss is 0.2224, Running loss is 0.3110, Batch IOU is 0.8625 at iter 10000, epoch 49, Time: 186m 26s
27/08/2018 05:07:55 - SaltNet - INFO - train Mean IOU is 0.6846 at epoch 49
27/08/2018 05:08:08 - SaltNet - INFO - val Mean IOU is 0.7416 at epoch 49
27/08/2018 05:08:09 - SaltNet - INFO - ['Unet_Resnet18_trans_conv_class_weights_2018_08_27_12_01_28.ckp-chunk-1-Of-5', 'Unet_Resnet18_trans_conv_class_weights_2018_08_27_12_01_28.ckp-chunk-2-Of-5', 'Unet_Resnet18_trans_conv_class_weights_2018_08_27_12_01_28.ckp-chunk-3-Of-5', 'Unet_Resnet18_trans_conv_class_weights_2018_08_27_12_01_28.ckp-chunk-4-Of-5', 'Unet_Resnet18_trans_conv_class_weights_2018_08_27_12_01_28.ckp-chunk-5-Of-5']
27/08/2018 05:08:09 - SaltNet - INFO - Best Val Mean IOU so far: 0.7416250000000001
27/08/2018 05:08:09 - SaltNet - INFO - Epoch 50/99
27/08/2018 05:08:09 - SaltNet - INFO - --------------------
27/08/2018 05:09:34 - SaltNet - INFO - Batch Loss is 0.2085, Running loss is 0.3098, Batch IOU is 0.4062 at iter 10100, epoch 50, Time: 188m 5s
27/08/2018 05:10:58 - SaltNet - INFO - Batch Loss is 0.1880, Running loss is 0.3088, Batch IOU is 0.6250 at iter 10200, epoch 50, Time: 189m 30s
27/08/2018 05:10:59 - SaltNet - INFO - train Mean IOU is 0.7018 at epoch 50
27/08/2018 05:11:12 - SaltNet - INFO - val Mean IOU is 0.7191 at epoch 50
27/08/2018 05:11:13 - SaltNet - INFO - ['Unet_Resnet18_trans_conv_class_weights_2018_08_27_12_01_28.ckp-chunk-1-Of-5', 'Unet_Resnet18_trans_conv_class_weights_2018_08_27_12_01_28.ckp-chunk-2-Of-5', 'Unet_Resnet18_trans_conv_class_weights_2018_08_27_12_01_28.ckp-chunk-3-Of-5', 'Unet_Resnet18_trans_conv_class_weights_2018_08_27_12_01_28.ckp-chunk-4-Of-5', 'Unet_Resnet18_trans_conv_class_weights_2018_08_27_12_01_28.ckp-chunk-5-Of-5']
27/08/2018 05:11:13 - SaltNet - INFO - Pushing model state to git.
27/08/2018 05:21:20 - SaltNet - INFO - Epoch 51/99
27/08/2018 05:21:20 - SaltNet - INFO - --------------------
27/08/2018 05:22:44 - SaltNet - INFO - Batch Loss is 0.1952, Running loss is 0.3077, Batch IOU is 0.5875 at iter 10300, epoch 51, Time: 201m 16s
27/08/2018 05:24:09 - SaltNet - INFO - Batch Loss is 0.1914, Running loss is 0.3068, Batch IOU is 0.8750 at iter 10400, epoch 51, Time: 202m 41s
27/08/2018 05:24:11 - SaltNet - INFO - train Mean IOU is 0.6947 at epoch 51
27/08/2018 05:24:23 - SaltNet - INFO - val Mean IOU is 0.7554 at epoch 51
27/08/2018 05:24:24 - SaltNet - INFO - ['Unet_Resnet18_trans_conv_class_weights_2018_08_27_12_01_28.ckp-chunk-1-Of-5', 'Unet_Resnet18_trans_conv_class_weights_2018_08_27_12_01_28.ckp-chunk-2-Of-5', 'Unet_Resnet18_trans_conv_class_weights_2018_08_27_12_01_28.ckp-chunk-3-Of-5', 'Unet_Resnet18_trans_conv_class_weights_2018_08_27_12_01_28.ckp-chunk-4-Of-5', 'Unet_Resnet18_trans_conv_class_weights_2018_08_27_12_01_28.ckp-chunk-5-Of-5']
27/08/2018 05:24:24 - SaltNet - INFO - Best Val Mean IOU so far: 0.7553749999999999
27/08/2018 05:24:25 - SaltNet - INFO - Epoch 52/99
27/08/2018 05:24:25 - SaltNet - INFO - --------------------
27/08/2018 05:25:49 - SaltNet - INFO - Batch Loss is 0.1803, Running loss is 0.3055, Batch IOU is 0.7000 at iter 10500, epoch 52, Time: 204m 20s
27/08/2018 05:27:13 - SaltNet - INFO - Batch Loss is 0.1966, Running loss is 0.3046, Batch IOU is 0.6937 at iter 10600, epoch 52, Time: 205m 45s
27/08/2018 05:27:15 - SaltNet - INFO - train Mean IOU is 0.7034 at epoch 52
27/08/2018 05:27:27 - SaltNet - INFO - val Mean IOU is 0.7491 at epoch 52
27/08/2018 05:27:27 - SaltNet - INFO - Epoch 53/99
27/08/2018 05:27:27 - SaltNet - INFO - --------------------
27/08/2018 05:28:51 - SaltNet - INFO - Batch Loss is 0.1735, Running loss is 0.3033, Batch IOU is 0.6938 at iter 10700, epoch 53, Time: 207m 23s
27/08/2018 05:30:16 - SaltNet - INFO - Batch Loss is 0.1981, Running loss is 0.3025, Batch IOU is 0.4375 at iter 10800, epoch 53, Time: 208m 47s
27/08/2018 05:30:17 - SaltNet - INFO - train Mean IOU is 0.7083 at epoch 53
27/08/2018 05:30:29 - SaltNet - INFO - val Mean IOU is 0.7084 at epoch 53
27/08/2018 05:30:29 - SaltNet - INFO - Epoch 54/99
27/08/2018 05:30:29 - SaltNet - INFO - --------------------
27/08/2018 05:31:54 - SaltNet - INFO - Batch Loss is 0.2016, Running loss is 0.3015, Batch IOU is 0.5813 at iter 10900, epoch 54, Time: 210m 25s
27/08/2018 05:33:18 - SaltNet - INFO - Batch Loss is 0.1791, Running loss is 0.3006, Batch IOU is 0.6750 at iter 11000, epoch 54, Time: 211m 50s
27/08/2018 05:33:19 - SaltNet - INFO - train Mean IOU is 0.6923 at epoch 54
27/08/2018 05:33:32 - SaltNet - INFO - val Mean IOU is 0.7580 at epoch 54
27/08/2018 05:33:33 - SaltNet - INFO - ['Unet_Resnet18_trans_conv_class_weights_2018_08_27_12_01_28.ckp-chunk-1-Of-5', 'Unet_Resnet18_trans_conv_class_weights_2018_08_27_12_01_28.ckp-chunk-2-Of-5', 'Unet_Resnet18_trans_conv_class_weights_2018_08_27_12_01_28.ckp-chunk-3-Of-5', 'Unet_Resnet18_trans_conv_class_weights_2018_08_27_12_01_28.ckp-chunk-4-Of-5', 'Unet_Resnet18_trans_conv_class_weights_2018_08_27_12_01_28.ckp-chunk-5-Of-5']
27/08/2018 05:33:33 - SaltNet - INFO - Best Val Mean IOU so far: 0.7580000000000001
27/08/2018 05:33:33 - SaltNet - INFO - Epoch 55/99
27/08/2018 05:33:33 - SaltNet - INFO - --------------------
27/08/2018 05:34:58 - SaltNet - INFO - Batch Loss is 0.1826, Running loss is 0.2994, Batch IOU is 0.7312 at iter 11100, epoch 55, Time: 213m 29s
27/08/2018 05:36:23 - SaltNet - INFO - Batch Loss is 0.1806, Running loss is 0.2986, Batch IOU is 0.7812 at iter 11200, epoch 55, Time: 214m 54s
27/08/2018 05:36:24 - SaltNet - INFO - train Mean IOU is 0.7173 at epoch 55
27/08/2018 05:36:36 - SaltNet - INFO - val Mean IOU is 0.7611 at epoch 55
27/08/2018 05:36:37 - SaltNet - INFO - ['Unet_Resnet18_trans_conv_class_weights_2018_08_27_12_01_28.ckp-chunk-1-Of-5', 'Unet_Resnet18_trans_conv_class_weights_2018_08_27_12_01_28.ckp-chunk-2-Of-5', 'Unet_Resnet18_trans_conv_class_weights_2018_08_27_12_01_28.ckp-chunk-3-Of-5', 'Unet_Resnet18_trans_conv_class_weights_2018_08_27_12_01_28.ckp-chunk-4-Of-5', 'Unet_Resnet18_trans_conv_class_weights_2018_08_27_12_01_28.ckp-chunk-5-Of-5']
27/08/2018 05:36:37 - SaltNet - INFO - Best Val Mean IOU so far: 0.7611249999999999
27/08/2018 05:36:38 - SaltNet - INFO - Epoch 56/99
27/08/2018 05:36:38 - SaltNet - INFO - --------------------
27/08/2018 05:38:02 - SaltNet - INFO - Batch Loss is 0.1703, Running loss is 0.2973, Batch IOU is 0.7500 at iter 11300, epoch 56, Time: 216m 33s
27/08/2018 05:39:27 - SaltNet - INFO - Batch Loss is 0.1985, Running loss is 0.2966, Batch IOU is 0.6938 at iter 11400, epoch 56, Time: 217m 58s
27/08/2018 05:39:28 - SaltNet - INFO - train Mean IOU is 0.7063 at epoch 56
27/08/2018 05:39:40 - SaltNet - INFO - val Mean IOU is 0.7315 at epoch 56
27/08/2018 05:39:40 - SaltNet - INFO - Epoch 57/99
27/08/2018 05:39:40 - SaltNet - INFO - --------------------
27/08/2018 05:41:04 - SaltNet - INFO - Batch Loss is 0.1607, Running loss is 0.2954, Batch IOU is 0.7750 at iter 11500, epoch 57, Time: 219m 36s
27/08/2018 05:42:29 - SaltNet - INFO - Batch Loss is 0.2042, Running loss is 0.2948, Batch IOU is 0.6375 at iter 11600, epoch 57, Time: 221m 1s
27/08/2018 05:42:30 - SaltNet - INFO - train Mean IOU is 0.7021 at epoch 57
27/08/2018 05:42:43 - SaltNet - INFO - val Mean IOU is 0.7182 at epoch 57
27/08/2018 05:42:43 - SaltNet - INFO - Epoch 58/99
27/08/2018 05:42:43 - SaltNet - INFO - --------------------
27/08/2018 05:44:07 - SaltNet - INFO - Batch Loss is 0.1896, Running loss is 0.2938, Batch IOU is 0.5750 at iter 11700, epoch 58, Time: 222m 39s
27/08/2018 05:45:32 - SaltNet - INFO - Batch Loss is 0.1729, Running loss is 0.2930, Batch IOU is 0.8250 at iter 11800, epoch 58, Time: 224m 3s
27/08/2018 05:45:33 - SaltNet - INFO - train Mean IOU is 0.7053 at epoch 58
27/08/2018 05:45:45 - SaltNet - INFO - val Mean IOU is 0.7146 at epoch 58
27/08/2018 05:45:45 - SaltNet - INFO - Epoch 59/99
27/08/2018 05:45:45 - SaltNet - INFO - --------------------
27/08/2018 05:47:10 - SaltNet - INFO - Batch Loss is 0.1656, Running loss is 0.2919, Batch IOU is 0.6938 at iter 11900, epoch 59, Time: 225m 41s
27/08/2018 05:48:34 - SaltNet - INFO - Batch Loss is 0.2019, Running loss is 0.2913, Batch IOU is 0.7438 at iter 12000, epoch 59, Time: 227m 6s
27/08/2018 05:48:35 - SaltNet - INFO - train Mean IOU is 0.7080 at epoch 59
27/08/2018 05:48:48 - SaltNet - INFO - val Mean IOU is 0.7219 at epoch 59
27/08/2018 05:48:48 - SaltNet - INFO - Epoch 60/99
27/08/2018 05:48:48 - SaltNet - INFO - --------------------
27/08/2018 05:50:12 - SaltNet - INFO - Batch Loss is 0.1700, Running loss is 0.2902, Batch IOU is 0.6687 at iter 12100, epoch 60, Time: 228m 44s
27/08/2018 05:51:37 - SaltNet - INFO - Batch Loss is 0.1773, Running loss is 0.2895, Batch IOU is 0.9625 at iter 12200, epoch 60, Time: 230m 9s
27/08/2018 05:51:38 - SaltNet - INFO - train Mean IOU is 0.7084 at epoch 60
27/08/2018 05:51:50 - SaltNet - INFO - val Mean IOU is 0.7549 at epoch 60
27/08/2018 05:51:52 - SaltNet - INFO - ['Unet_Resnet18_trans_conv_class_weights_2018_08_27_12_01_28.ckp-chunk-1-Of-5', 'Unet_Resnet18_trans_conv_class_weights_2018_08_27_12_01_28.ckp-chunk-2-Of-5', 'Unet_Resnet18_trans_conv_class_weights_2018_08_27_12_01_28.ckp-chunk-3-Of-5', 'Unet_Resnet18_trans_conv_class_weights_2018_08_27_12_01_28.ckp-chunk-4-Of-5', 'Unet_Resnet18_trans_conv_class_weights_2018_08_27_12_01_28.ckp-chunk-5-Of-5']
27/08/2018 05:51:52 - SaltNet - INFO - Pushing model state to git.
27/08/2018 06:03:02 - SaltNet - INFO - Epoch 61/99
27/08/2018 06:03:02 - SaltNet - INFO - --------------------
27/08/2018 06:04:26 - SaltNet - INFO - Batch Loss is 0.1666, Running loss is 0.2884, Batch IOU is 0.7000 at iter 12300, epoch 61, Time: 242m 58s
27/08/2018 06:05:51 - SaltNet - INFO - Batch Loss is 0.1825, Running loss is 0.2877, Batch IOU is 0.7875 at iter 12400, epoch 61, Time: 244m 23s
27/08/2018 06:05:52 - SaltNet - INFO - train Mean IOU is 0.7165 at epoch 61
27/08/2018 06:06:05 - SaltNet - INFO - val Mean IOU is 0.7244 at epoch 61
27/08/2018 06:06:05 - SaltNet - INFO - Epoch 62/99
27/08/2018 06:06:05 - SaltNet - INFO - --------------------
27/08/2018 06:07:30 - SaltNet - INFO - Batch Loss is 0.1734, Running loss is 0.2868, Batch IOU is 0.6625 at iter 12500, epoch 62, Time: 246m 1s
27/08/2018 06:08:55 - SaltNet - INFO - Batch Loss is 0.1845, Running loss is 0.2862, Batch IOU is 0.6875 at iter 12600, epoch 62, Time: 247m 27s
27/08/2018 06:08:56 - SaltNet - INFO - train Mean IOU is 0.7182 at epoch 62
27/08/2018 06:09:09 - SaltNet - INFO - val Mean IOU is 0.7516 at epoch 62
27/08/2018 06:09:09 - SaltNet - INFO - Epoch 63/99
27/08/2018 06:09:09 - SaltNet - INFO - --------------------
27/08/2018 06:10:33 - SaltNet - INFO - Batch Loss is 0.1653, Running loss is 0.2852, Batch IOU is 0.8250 at iter 12700, epoch 63, Time: 249m 5s
27/08/2018 06:11:58 - SaltNet - INFO - Batch Loss is 0.1785, Running loss is 0.2845, Batch IOU is 0.8250 at iter 12800, epoch 63, Time: 250m 30s
27/08/2018 06:11:59 - SaltNet - INFO - train Mean IOU is 0.7152 at epoch 63
27/08/2018 06:12:12 - SaltNet - INFO - val Mean IOU is 0.7442 at epoch 63
27/08/2018 06:12:12 - SaltNet - INFO - Epoch 64/99
27/08/2018 06:12:12 - SaltNet - INFO - --------------------
27/08/2018 06:13:36 - SaltNet - INFO - Batch Loss is 0.1723, Running loss is 0.2836, Batch IOU is 0.7500 at iter 12900, epoch 64, Time: 252m 8s
27/08/2018 06:15:01 - SaltNet - INFO - Batch Loss is 0.1785, Running loss is 0.2829, Batch IOU is 0.6562 at iter 13000, epoch 64, Time: 253m 33s
27/08/2018 06:15:03 - SaltNet - INFO - train Mean IOU is 0.7180 at epoch 64
27/08/2018 06:15:15 - SaltNet - INFO - val Mean IOU is 0.7461 at epoch 64
27/08/2018 06:15:15 - SaltNet - INFO - Epoch 65/99
27/08/2018 06:15:15 - SaltNet - INFO - --------------------
27/08/2018 06:16:40 - SaltNet - INFO - Batch Loss is 0.1770, Running loss is 0.2821, Batch IOU is 0.7812 at iter 13100, epoch 65, Time: 255m 11s
27/08/2018 06:18:05 - SaltNet - INFO - Batch Loss is 0.1493, Running loss is 0.2813, Batch IOU is 0.8562 at iter 13200, epoch 65, Time: 256m 36s
27/08/2018 06:18:06 - SaltNet - INFO - train Mean IOU is 0.7156 at epoch 65
27/08/2018 06:18:19 - SaltNet - INFO - val Mean IOU is 0.7465 at epoch 65
27/08/2018 06:18:19 - SaltNet - INFO - Epoch 66/99
27/08/2018 06:18:19 - SaltNet - INFO - --------------------
27/08/2018 06:19:43 - SaltNet - INFO - Batch Loss is 0.1996, Running loss is 0.2806, Batch IOU is 0.6688 at iter 13300, epoch 66, Time: 258m 15s
27/08/2018 06:21:08 - SaltNet - INFO - Batch Loss is 0.1469, Running loss is 0.2798, Batch IOU is 0.7563 at iter 13400, epoch 66, Time: 259m 40s
27/08/2018 06:21:09 - SaltNet - INFO - train Mean IOU is 0.7110 at epoch 66
27/08/2018 06:21:22 - SaltNet - INFO - val Mean IOU is 0.7305 at epoch 66
27/08/2018 06:21:22 - SaltNet - INFO - Epoch 67/99
27/08/2018 06:21:22 - SaltNet - INFO - --------------------
27/08/2018 06:22:46 - SaltNet - INFO - Batch Loss is 0.1650, Running loss is 0.2789, Batch IOU is 0.6750 at iter 13500, epoch 67, Time: 261m 18s
27/08/2018 06:24:11 - SaltNet - INFO - Batch Loss is 0.1750, Running loss is 0.2782, Batch IOU is 0.6687 at iter 13600, epoch 67, Time: 262m 43s
27/08/2018 06:24:12 - SaltNet - INFO - train Mean IOU is 0.7138 at epoch 67
27/08/2018 06:24:25 - SaltNet - INFO - val Mean IOU is 0.7324 at epoch 67
27/08/2018 06:24:25 - SaltNet - INFO - Epoch 68/99
27/08/2018 06:24:25 - SaltNet - INFO - --------------------
27/08/2018 06:25:49 - SaltNet - INFO - Batch Loss is 0.1735, Running loss is 0.2774, Batch IOU is 0.7688 at iter 13700, epoch 68, Time: 264m 21s
27/08/2018 06:27:15 - SaltNet - INFO - Batch Loss is 0.1619, Running loss is 0.2767, Batch IOU is 0.7812 at iter 13800, epoch 68, Time: 265m 46s
27/08/2018 06:27:16 - SaltNet - INFO - train Mean IOU is 0.7056 at epoch 68
27/08/2018 06:27:28 - SaltNet - INFO - val Mean IOU is 0.7422 at epoch 68
27/08/2018 06:27:28 - SaltNet - INFO - Epoch 69/99
27/08/2018 06:27:28 - SaltNet - INFO - --------------------
27/08/2018 06:28:53 - SaltNet - INFO - Batch Loss is 0.1797, Running loss is 0.2759, Batch IOU is 0.9062 at iter 13900, epoch 69, Time: 267m 24s
27/08/2018 06:30:18 - SaltNet - INFO - Batch Loss is 0.1469, Running loss is 0.2751, Batch IOU is 0.6250 at iter 14000, epoch 69, Time: 268m 49s
27/08/2018 06:30:19 - SaltNet - INFO - train Mean IOU is 0.7221 at epoch 69
27/08/2018 06:30:32 - SaltNet - INFO - val Mean IOU is 0.7672 at epoch 69
27/08/2018 06:30:33 - SaltNet - INFO - ['Unet_Resnet18_trans_conv_class_weights_2018_08_27_12_01_28.ckp-chunk-1-Of-5', 'Unet_Resnet18_trans_conv_class_weights_2018_08_27_12_01_28.ckp-chunk-2-Of-5', 'Unet_Resnet18_trans_conv_class_weights_2018_08_27_12_01_28.ckp-chunk-3-Of-5', 'Unet_Resnet18_trans_conv_class_weights_2018_08_27_12_01_28.ckp-chunk-4-Of-5', 'Unet_Resnet18_trans_conv_class_weights_2018_08_27_12_01_28.ckp-chunk-5-Of-5']
27/08/2018 06:30:33 - SaltNet - INFO - Best Val Mean IOU so far: 0.76725
27/08/2018 06:30:33 - SaltNet - INFO - Epoch 70/99
27/08/2018 06:30:33 - SaltNet - INFO - --------------------
27/08/2018 06:31:58 - SaltNet - INFO - Batch Loss is 0.1633, Running loss is 0.2743, Batch IOU is 0.7000 at iter 14100, epoch 70, Time: 270m 29s
27/08/2018 06:33:23 - SaltNet - INFO - Batch Loss is 0.1713, Running loss is 0.2737, Batch IOU is 0.6000 at iter 14200, epoch 70, Time: 271m 54s
27/08/2018 06:33:24 - SaltNet - INFO - train Mean IOU is 0.7152 at epoch 70
27/08/2018 06:33:37 - SaltNet - INFO - val Mean IOU is 0.7571 at epoch 70
27/08/2018 06:33:38 - SaltNet - INFO - ['Unet_Resnet18_trans_conv_class_weights_2018_08_27_12_01_28.ckp-chunk-1-Of-5', 'Unet_Resnet18_trans_conv_class_weights_2018_08_27_12_01_28.ckp-chunk-2-Of-5', 'Unet_Resnet18_trans_conv_class_weights_2018_08_27_12_01_28.ckp-chunk-3-Of-5', 'Unet_Resnet18_trans_conv_class_weights_2018_08_27_12_01_28.ckp-chunk-4-Of-5', 'Unet_Resnet18_trans_conv_class_weights_2018_08_27_12_01_28.ckp-chunk-5-Of-5']
27/08/2018 06:33:38 - SaltNet - INFO - Pushing model state to git.
27/08/2018 06:46:56 - SaltNet - INFO - Epoch 71/99
27/08/2018 06:46:56 - SaltNet - INFO - --------------------
27/08/2018 06:48:20 - SaltNet - INFO - Batch Loss is 0.1570, Running loss is 0.2729, Batch IOU is 0.9125 at iter 14300, epoch 71, Time: 286m 52s
27/08/2018 06:49:45 - SaltNet - INFO - Batch Loss is 0.1741, Running loss is 0.2724, Batch IOU is 0.6375 at iter 14400, epoch 71, Time: 288m 17s
27/08/2018 06:49:46 - SaltNet - INFO - train Mean IOU is 0.7185 at epoch 71
27/08/2018 06:49:59 - SaltNet - INFO - val Mean IOU is 0.7620 at epoch 71
27/08/2018 06:49:59 - SaltNet - INFO - Epoch 72/99
27/08/2018 06:49:59 - SaltNet - INFO - --------------------
27/08/2018 06:51:24 - SaltNet - INFO - Batch Loss is 0.1570, Running loss is 0.2715, Batch IOU is 0.7563 at iter 14500, epoch 72, Time: 289m 55s
27/08/2018 06:52:49 - SaltNet - INFO - Batch Loss is 0.1652, Running loss is 0.2709, Batch IOU is 0.8750 at iter 14600, epoch 72, Time: 291m 20s
27/08/2018 06:52:50 - SaltNet - INFO - train Mean IOU is 0.7336 at epoch 72
27/08/2018 06:53:02 - SaltNet - INFO - val Mean IOU is 0.7511 at epoch 72
27/08/2018 06:53:02 - SaltNet - INFO - Epoch 73/99
27/08/2018 06:53:02 - SaltNet - INFO - --------------------
27/08/2018 06:54:27 - SaltNet - INFO - Batch Loss is 0.1665, Running loss is 0.2702, Batch IOU is 0.7000 at iter 14700, epoch 73, Time: 292m 59s
27/08/2018 06:55:52 - SaltNet - INFO - Batch Loss is 0.1731, Running loss is 0.2697, Batch IOU is 0.8500 at iter 14800, epoch 73, Time: 294m 24s
27/08/2018 06:55:53 - SaltNet - INFO - train Mean IOU is 0.7159 at epoch 73
27/08/2018 06:56:06 - SaltNet - INFO - val Mean IOU is 0.7453 at epoch 73
27/08/2018 06:56:06 - SaltNet - INFO - Epoch 74/99
27/08/2018 06:56:06 - SaltNet - INFO - --------------------
27/08/2018 06:57:30 - SaltNet - INFO - Batch Loss is 0.1675, Running loss is 0.2690, Batch IOU is 0.5813 at iter 14900, epoch 74, Time: 296m 2s
27/08/2018 06:58:55 - SaltNet - INFO - Batch Loss is 0.1704, Running loss is 0.2685, Batch IOU is 0.6375 at iter 15000, epoch 74, Time: 297m 27s
27/08/2018 06:58:56 - SaltNet - INFO - train Mean IOU is 0.7165 at epoch 74
27/08/2018 06:59:09 - SaltNet - INFO - val Mean IOU is 0.7430 at epoch 74
27/08/2018 06:59:09 - SaltNet - INFO - Epoch 75/99
27/08/2018 06:59:09 - SaltNet - INFO - --------------------
27/08/2018 07:00:33 - SaltNet - INFO - Batch Loss is 0.1609, Running loss is 0.2677, Batch IOU is 0.5563 at iter 15100, epoch 75, Time: 299m 5s
27/08/2018 07:46:30 - SaltNet - INFO - test
