29/08/2018 23:36:04 - SaltNet - INFO - Start Training...
29/08/2018 23:36:04 - SaltNet - INFO - Epoch 0/1
29/08/2018 23:36:04 - SaltNet - INFO - --------------------
29/08/2018 23:36:15 - SaltNet - INFO - Batch Loss: 6.6658, Running loss: 6.6658, Batch IOU: 0.0000, Batch Acc: 0.4541 at iter 2, epoch 0, Time: 0m 11s
29/08/2018 23:36:16 - SaltNet - INFO - train Mean IOU: 0.0000, Mean Acc: 0.3922 at epoch 0
29/08/2018 23:36:20 - SaltNet - INFO - val Mean IOU: 0.0000, Mean Acc: 0.6247 at epoch 0
29/08/2018 23:36:20 - SaltNet - INFO - Epoch 1/1
29/08/2018 23:36:20 - SaltNet - INFO - --------------------
29/08/2018 23:36:29 - SaltNet - INFO - Batch Loss: 5.8397, Running loss: 4.4387, Batch IOU: 0.0000, Batch Acc: 0.5543 at iter 4, epoch 1, Time: 0m 24s
29/08/2018 23:36:30 - SaltNet - INFO - train Mean IOU: 0.0000, Mean Acc: 0.5106 at epoch 1
29/08/2018 23:36:33 - SaltNet - INFO - val Mean IOU: 0.0000, Mean Acc: 0.8386 at epoch 1
29/08/2018 23:36:33 - SaltNet - INFO - --------------------
29/08/2018 23:36:33 - SaltNet - INFO - Training complete in 0m 29s
29/08/2018 23:36:33 - SaltNet - INFO - Best val IOU: 0.000000
29/08/2018 23:36:56 - SaltNet - INFO - Start Training...
29/08/2018 23:36:57 - SaltNet - INFO - Epoch 0/1
29/08/2018 23:36:57 - SaltNet - INFO - --------------------
29/08/2018 23:37:07 - SaltNet - INFO - Batch Loss: 23.7112, Running loss: 23.7112, Batch IOU: 0.0000, Batch Acc: 0.3485 at iter 2, epoch 0, Time: 0m 10s
29/08/2018 23:37:08 - SaltNet - INFO - train Mean IOU: 0.0000, Mean Acc: 0.4229 at epoch 0
29/08/2018 23:37:12 - SaltNet - INFO - val Mean IOU: 0.0000, Mean Acc: 0.6816 at epoch 0
29/08/2018 23:37:12 - SaltNet - INFO - Epoch 1/1
29/08/2018 23:37:12 - SaltNet - INFO - --------------------
29/08/2018 23:37:20 - SaltNet - INFO - Batch Loss: 27.3374, Running loss: 17.2757, Batch IOU: 0.0000, Batch Acc: 0.2466 at iter 4, epoch 1, Time: 0m 23s
29/08/2018 23:37:21 - SaltNet - INFO - train Mean IOU: 0.0000, Mean Acc: 0.3236 at epoch 1
29/08/2018 23:37:25 - SaltNet - INFO - val Mean IOU: 0.0000, Mean Acc: 0.6233 at epoch 1
29/08/2018 23:37:25 - SaltNet - INFO - --------------------
29/08/2018 23:37:25 - SaltNet - INFO - Training complete in 0m 29s
29/08/2018 23:37:25 - SaltNet - INFO - Best val IOU: 0.000000
29/08/2018 23:40:30 - SaltNet - INFO - Start Training...
29/08/2018 23:40:30 - SaltNet - INFO - Epoch 0/1
29/08/2018 23:40:30 - SaltNet - INFO - --------------------
29/08/2018 23:40:39 - SaltNet - INFO - Batch Loss: 1.0654, Running loss: 1.0654, Batch IOU: 0.0000, Batch Acc: 0.3534 at iter 2, epoch 0, Time: 0m 8s
29/08/2018 23:40:39 - SaltNet - INFO - train Mean IOU: 0.0000, Mean Acc: 0.4253 at epoch 0
29/08/2018 23:40:43 - SaltNet - INFO - val Mean IOU: 0.0000, Mean Acc: 0.6150 at epoch 0
29/08/2018 23:40:43 - SaltNet - INFO - Epoch 1/1
29/08/2018 23:40:43 - SaltNet - INFO - --------------------
29/08/2018 23:40:52 - SaltNet - INFO - Batch Loss: 1.1298, Running loss: 0.7463, Batch IOU: 0.0000, Batch Acc: 0.4812 at iter 4, epoch 1, Time: 0m 21s
29/08/2018 23:40:52 - SaltNet - INFO - train Mean IOU: 0.0000, Mean Acc: 0.4540 at epoch 1
29/08/2018 23:40:56 - SaltNet - INFO - val Mean IOU: 0.0000, Mean Acc: 0.6283 at epoch 1
29/08/2018 23:40:56 - SaltNet - INFO - --------------------
29/08/2018 23:40:56 - SaltNet - INFO - Training complete in 0m 26s
29/08/2018 23:40:56 - SaltNet - INFO - Best val IOU: 0.000000
